#
# There is insufficient memory for the Java Runtime Environment to continue.
# Native memory allocation (malloc) failed to allocate 76176 bytes for Chunk::new
# Possible reasons:
#   The system is out of physical RAM or swap space
#   The process is running with CompressedOops enabled, and the Java Heap may be blocking the growth of the native heap
# Possible solutions:
#   Reduce memory load on the system
#   Increase physical memory or swap space
#   Check if swap backing store is full
#   Decrease Java heap size (-Xmx/-Xms)
#   Decrease number of Java threads
#   Decrease Java thread stack sizes (-Xss)
#   Set larger code cache with -XX:ReservedCodeCacheSize=
#   JVM is running with Zero Based Compressed Oops mode in which the Java heap is
#     placed in the first 32GB address space. The Java Heap base address is the
#     maximum limit for the native heap growth. Please use -XX:HeapBaseMinAddress
#     to set the Java Heap base and to place the Java Heap above 32GB virtual address.
# This output file may be truncated or incomplete.
#
#  Out of Memory Error (arena.cpp:189), pid=11280, tid=3352
#
# JRE version: Java(TM) SE Runtime Environment (17.0.11+7) (build 17.0.11+7-LTS-207)
# Java VM: Java HotSpot(TM) 64-Bit Server VM (17.0.11+7-LTS-207, mixed mode, tiered, compressed oops, compressed class ptrs, g1 gc, windows-amd64)
# No core dump will be written. Minidumps are not enabled by default on client versions of Windows
#

---------------  S U M M A R Y ------------

Command Line: -XX:+ShowCodeDetailsInExceptionMessages com.example.bloomgift.BloomgiftApplication

Host: 11th Gen Intel(R) Core(TM) i5-1135G7 @ 2.40GHz, 8 cores, 11G,  Windows 11 , 64 bit Build 22621 (10.0.22621.3672)
Time: Fri Aug  2 16:35:30 2024 SE Asia Standard Time elapsed time: 0.216715 seconds (0d 0h 0m 0s)

---------------  T H R E A D  ---------------

Current thread (0x000002011b05b360):  JavaThread "C2 CompilerThread0" daemon [_thread_in_native, id=3352, stack(0x0000000b95d00000,0x0000000b95e00000)]


Current CompileTask:
C2:    216  171       4       java.lang.StringBuilder::append (8 bytes)

Stack: [0x0000000b95d00000,0x0000000b95e00000]
Native frames: (J=compiled Java code, j=interpreted, Vv=VM code, C=native code)
V  [jvm.dll+0x679cca]
V  [jvm.dll+0x7da13d]
V  [jvm.dll+0x7dba83]
V  [jvm.dll+0x7dc0f3]
V  [jvm.dll+0x2449af]
V  [jvm.dll+0xab83b]
V  [jvm.dll+0xabe1c]
V  [jvm.dll+0x36155f]
V  [jvm.dll+0x32bd61]
V  [jvm.dll+0x32b1fa]
V  [jvm.dll+0x2161df]
V  [jvm.dll+0x21560f]
V  [jvm.dll+0x1a2040]
V  [jvm.dll+0x225a2b]
V  [jvm.dll+0x223bcb]
V  [jvm.dll+0x7903ec]
V  [jvm.dll+0x78a85a]
V  [jvm.dll+0x678bb5]
C  [ucrtbase.dll+0x29333]
C  [KERNEL32.DLL+0x1257d]
C  [ntdll.dll+0x5af28]


---------------  P R O C E S S  ---------------

Threads class SMR info:
_java_thread_list=0x000002011b1e68e0, length=12, elements={
0x0000020175d10060, 0x000002017f5137d0, 0x000002011b036410, 0x000002011b044dd0,
0x000002017f51e4c0, 0x000002011b0642f0, 0x000002011b05a760, 0x000002011b05b360,
0x000002011b05bd20, 0x000002011b05cec0, 0x000002011b1d2780, 0x000002011b1e72a0
}

Java Threads: ( => current thread )
  0x0000020175d10060 JavaThread "main" [_thread_in_Java, id=13808, stack(0x0000000b95000000,0x0000000b95100000)]
  0x000002017f5137d0 JavaThread "Reference Handler" daemon [_thread_blocked, id=4504, stack(0x0000000b95700000,0x0000000b95800000)]
  0x000002011b036410 JavaThread "Finalizer" daemon [_thread_blocked, id=3124, stack(0x0000000b95800000,0x0000000b95900000)]
  0x000002011b044dd0 JavaThread "Signal Dispatcher" daemon [_thread_blocked, id=16164, stack(0x0000000b95900000,0x0000000b95a00000)]
  0x000002017f51e4c0 JavaThread "Attach Listener" daemon [_thread_blocked, id=8692, stack(0x0000000b95a00000,0x0000000b95b00000)]
  0x000002011b0642f0 JavaThread "Service Thread" daemon [_thread_blocked, id=10472, stack(0x0000000b95b00000,0x0000000b95c00000)]
  0x000002011b05a760 JavaThread "Monitor Deflation Thread" daemon [_thread_blocked, id=7852, stack(0x0000000b95c00000,0x0000000b95d00000)]
=>0x000002011b05b360 JavaThread "C2 CompilerThread0" daemon [_thread_in_native, id=3352, stack(0x0000000b95d00000,0x0000000b95e00000)]
  0x000002011b05bd20 JavaThread "C1 CompilerThread0" daemon [_thread_in_native, id=1440, stack(0x0000000b95e00000,0x0000000b95f00000)]
  0x000002011b05cec0 JavaThread "Sweeper thread" daemon [_thread_blocked, id=12260, stack(0x0000000b95f00000,0x0000000b96000000)]
  0x000002011b1d2780 JavaThread "Notification Thread" daemon [_thread_blocked, id=12932, stack(0x0000000b96000000,0x0000000b96100000)]
  0x000002011b1e72a0 JavaThread "Common-Cleaner" daemon [_thread_blocked, id=8136, stack(0x0000000b96200000,0x0000000b96300000)]

Other Threads:
  0x000002017f4d3fd0 VMThread "VM Thread" [stack: 0x0000000b95600000,0x0000000b95700000] [id=12780]
  0x0000020175d86a80 WatcherThread [stack: 0x0000000b96100000,0x0000000b96200000] [id=12792]
  0x0000020175d72d50 GCTaskThread "GC Thread#0" [stack: 0x0000000b95100000,0x0000000b95200000] [id=14504]
  0x0000020175d7f860 ConcurrentGCThread "G1 Main Marker" [stack: 0x0000000b95200000,0x0000000b95300000] [id=15724]
  0x0000020175d80270 ConcurrentGCThread "G1 Conc#0" [stack: 0x0000000b95300000,0x0000000b95400000] [id=14940]
  0x0000020175db00f0 ConcurrentGCThread "G1 Refine#0" [stack: 0x0000000b95400000,0x0000000b95500000] [id=16088]
  0x0000020175db0b20 ConcurrentGCThread "G1 Service" [stack: 0x0000000b95500000,0x0000000b95600000] [id=5736]

Threads with active compile tasks:
C2 CompilerThread0      230  171       4       java.lang.StringBuilder::append (8 bytes)
C1 CompilerThread0      230  204   !   3       java.lang.String::<init> (845 bytes)

VM state: not at safepoint (normal execution)

VM Mutex/Monitor currently owned by a thread: None

Heap address: 0x0000000744400000, size: 3004 MB, Compressed Oops mode: Zero based, Oop shift amount: 3

CDS archive(s) not mapped
Compressed class space mapped at: 0x0000000800000000-0x0000000840000000, reserved size: 1073741824
Narrow klass base: 0x0000000800000000, Narrow klass shift: 0, Narrow klass range: 0x40000000

GC Precious Log:
 CPUs: 8 total, 8 available
 Memory: 12010M
 Large Page Support: Disabled
 NUMA Support: Disabled
 Compressed Oops: Enabled (Zero based)
 Heap Region Size: 2M
 Heap Min Capacity: 8M
 Heap Initial Capacity: 188M
 Heap Max Capacity: 3004M
 Pre-touch: Disabled
 Parallel Workers: 8
 Concurrent Workers: 2
 Concurrent Refinement Workers: 8
 Periodic GC: Disabled

Heap:
 garbage-first heap   total 192512K, used 6144K [0x0000000744400000, 0x0000000800000000)
  region size 2048K, 4 young (8192K), 0 survivors (0K)
 Metaspace       used 4976K, committed 5120K, reserved 1114112K
  class space    used 410K, committed 512K, reserved 1048576K

Heap Regions: E=young(eden), S=young(survivor), O=old, HS=humongous(starts), HC=humongous(continues), CS=collection set, F=free, OA=open archive, CA=closed archive, TAMS=top-at-mark-start (previous, next)
|   0|0x0000000744400000, 0x0000000744400000, 0x0000000744600000|  0%| F|  |TAMS 0x0000000744400000, 0x0000000744400000| Untracked 
|   1|0x0000000744600000, 0x0000000744600000, 0x0000000744800000|  0%| F|  |TAMS 0x0000000744600000, 0x0000000744600000| Untracked 
|   2|0x0000000744800000, 0x0000000744800000, 0x0000000744a00000|  0%| F|  |TAMS 0x0000000744800000, 0x0000000744800000| Untracked 
|   3|0x0000000744a00000, 0x0000000744a00000, 0x0000000744c00000|  0%| F|  |TAMS 0x0000000744a00000, 0x0000000744a00000| Untracked 
|   4|0x0000000744c00000, 0x0000000744c00000, 0x0000000744e00000|  0%| F|  |TAMS 0x0000000744c00000, 0x0000000744c00000| Untracked 
|   5|0x0000000744e00000, 0x0000000744e00000, 0x0000000745000000|  0%| F|  |TAMS 0x0000000744e00000, 0x0000000744e00000| Untracked 
|   6|0x0000000745000000, 0x0000000745000000, 0x0000000745200000|  0%| F|  |TAMS 0x0000000745000000, 0x0000000745000000| Untracked 
|   7|0x0000000745200000, 0x0000000745200000, 0x0000000745400000|  0%| F|  |TAMS 0x0000000745200000, 0x0000000745200000| Untracked 
|   8|0x0000000745400000, 0x0000000745400000, 0x0000000745600000|  0%| F|  |TAMS 0x0000000745400000, 0x0000000745400000| Untracked 
|   9|0x0000000745600000, 0x0000000745600000, 0x0000000745800000|  0%| F|  |TAMS 0x0000000745600000, 0x0000000745600000| Untracked 
|  10|0x0000000745800000, 0x0000000745800000, 0x0000000745a00000|  0%| F|  |TAMS 0x0000000745800000, 0x0000000745800000| Untracked 
|  11|0x0000000745a00000, 0x0000000745a00000, 0x0000000745c00000|  0%| F|  |TAMS 0x0000000745a00000, 0x0000000745a00000| Untracked 
|  12|0x0000000745c00000, 0x0000000745c00000, 0x0000000745e00000|  0%| F|  |TAMS 0x0000000745c00000, 0x0000000745c00000| Untracked 
|  13|0x0000000745e00000, 0x0000000745e00000, 0x0000000746000000|  0%| F|  |TAMS 0x0000000745e00000, 0x0000000745e00000| Untracked 
|  14|0x0000000746000000, 0x0000000746000000, 0x0000000746200000|  0%| F|  |TAMS 0x0000000746000000, 0x0000000746000000| Untracked 
|  15|0x0000000746200000, 0x0000000746200000, 0x0000000746400000|  0%| F|  |TAMS 0x0000000746200000, 0x0000000746200000| Untracked 
|  16|0x0000000746400000, 0x0000000746400000, 0x0000000746600000|  0%| F|  |TAMS 0x0000000746400000, 0x0000000746400000| Untracked 
|  17|0x0000000746600000, 0x0000000746600000, 0x0000000746800000|  0%| F|  |TAMS 0x0000000746600000, 0x0000000746600000| Untracked 
|  18|0x0000000746800000, 0x0000000746800000, 0x0000000746a00000|  0%| F|  |TAMS 0x0000000746800000, 0x0000000746800000| Untracked 
|  19|0x0000000746a00000, 0x0000000746a00000, 0x0000000746c00000|  0%| F|  |TAMS 0x0000000746a00000, 0x0000000746a00000| Untracked 
|  20|0x0000000746c00000, 0x0000000746c00000, 0x0000000746e00000|  0%| F|  |TAMS 0x0000000746c00000, 0x0000000746c00000| Untracked 
|  21|0x0000000746e00000, 0x0000000746e00000, 0x0000000747000000|  0%| F|  |TAMS 0x0000000746e00000, 0x0000000746e00000| Untracked 
|  22|0x0000000747000000, 0x0000000747000000, 0x0000000747200000|  0%| F|  |TAMS 0x0000000747000000, 0x0000000747000000| Untracked 
|  23|0x0000000747200000, 0x0000000747200000, 0x0000000747400000|  0%| F|  |TAMS 0x0000000747200000, 0x0000000747200000| Untracked 
|  24|0x0000000747400000, 0x0000000747400000, 0x0000000747600000|  0%| F|  |TAMS 0x0000000747400000, 0x0000000747400000| Untracked 
|  25|0x0000000747600000, 0x0000000747600000, 0x0000000747800000|  0%| F|  |TAMS 0x0000000747600000, 0x0000000747600000| Untracked 
|  26|0x0000000747800000, 0x0000000747800000, 0x0000000747a00000|  0%| F|  |TAMS 0x0000000747800000, 0x0000000747800000| Untracked 
|  27|0x0000000747a00000, 0x0000000747a00000, 0x0000000747c00000|  0%| F|  |TAMS 0x0000000747a00000, 0x0000000747a00000| Untracked 
|  28|0x0000000747c00000, 0x0000000747c00000, 0x0000000747e00000|  0%| F|  |TAMS 0x0000000747c00000, 0x0000000747c00000| Untracked 
|  29|0x0000000747e00000, 0x0000000747e00000, 0x0000000748000000|  0%| F|  |TAMS 0x0000000747e00000, 0x0000000747e00000| Untracked 
|  30|0x0000000748000000, 0x0000000748000000, 0x0000000748200000|  0%| F|  |TAMS 0x0000000748000000, 0x0000000748000000| Untracked 
|  31|0x0000000748200000, 0x0000000748200000, 0x0000000748400000|  0%| F|  |TAMS 0x0000000748200000, 0x0000000748200000| Untracked 
|  32|0x0000000748400000, 0x0000000748400000, 0x0000000748600000|  0%| F|  |TAMS 0x0000000748400000, 0x0000000748400000| Untracked 
|  33|0x0000000748600000, 0x0000000748600000, 0x0000000748800000|  0%| F|  |TAMS 0x0000000748600000, 0x0000000748600000| Untracked 
|  34|0x0000000748800000, 0x0000000748800000, 0x0000000748a00000|  0%| F|  |TAMS 0x0000000748800000, 0x0000000748800000| Untracked 
|  35|0x0000000748a00000, 0x0000000748a00000, 0x0000000748c00000|  0%| F|  |TAMS 0x0000000748a00000, 0x0000000748a00000| Untracked 
|  36|0x0000000748c00000, 0x0000000748c00000, 0x0000000748e00000|  0%| F|  |TAMS 0x0000000748c00000, 0x0000000748c00000| Untracked 
|  37|0x0000000748e00000, 0x0000000748e00000, 0x0000000749000000|  0%| F|  |TAMS 0x0000000748e00000, 0x0000000748e00000| Untracked 
|  38|0x0000000749000000, 0x0000000749000000, 0x0000000749200000|  0%| F|  |TAMS 0x0000000749000000, 0x0000000749000000| Untracked 
|  39|0x0000000749200000, 0x0000000749200000, 0x0000000749400000|  0%| F|  |TAMS 0x0000000749200000, 0x0000000749200000| Untracked 
|  40|0x0000000749400000, 0x0000000749400000, 0x0000000749600000|  0%| F|  |TAMS 0x0000000749400000, 0x0000000749400000| Untracked 
|  41|0x0000000749600000, 0x0000000749600000, 0x0000000749800000|  0%| F|  |TAMS 0x0000000749600000, 0x0000000749600000| Untracked 
|  42|0x0000000749800000, 0x0000000749800000, 0x0000000749a00000|  0%| F|  |TAMS 0x0000000749800000, 0x0000000749800000| Untracked 
|  43|0x0000000749a00000, 0x0000000749a00000, 0x0000000749c00000|  0%| F|  |TAMS 0x0000000749a00000, 0x0000000749a00000| Untracked 
|  44|0x0000000749c00000, 0x0000000749c00000, 0x0000000749e00000|  0%| F|  |TAMS 0x0000000749c00000, 0x0000000749c00000| Untracked 
|  45|0x0000000749e00000, 0x0000000749e00000, 0x000000074a000000|  0%| F|  |TAMS 0x0000000749e00000, 0x0000000749e00000| Untracked 
|  46|0x000000074a000000, 0x000000074a000000, 0x000000074a200000|  0%| F|  |TAMS 0x000000074a000000, 0x000000074a000000| Untracked 
|  47|0x000000074a200000, 0x000000074a200000, 0x000000074a400000|  0%| F|  |TAMS 0x000000074a200000, 0x000000074a200000| Untracked 
|  48|0x000000074a400000, 0x000000074a400000, 0x000000074a600000|  0%| F|  |TAMS 0x000000074a400000, 0x000000074a400000| Untracked 
|  49|0x000000074a600000, 0x000000074a600000, 0x000000074a800000|  0%| F|  |TAMS 0x000000074a600000, 0x000000074a600000| Untracked 
|  50|0x000000074a800000, 0x000000074a800000, 0x000000074aa00000|  0%| F|  |TAMS 0x000000074a800000, 0x000000074a800000| Untracked 
|  51|0x000000074aa00000, 0x000000074aa00000, 0x000000074ac00000|  0%| F|  |TAMS 0x000000074aa00000, 0x000000074aa00000| Untracked 
|  52|0x000000074ac00000, 0x000000074ac00000, 0x000000074ae00000|  0%| F|  |TAMS 0x000000074ac00000, 0x000000074ac00000| Untracked 
|  53|0x000000074ae00000, 0x000000074ae00000, 0x000000074b000000|  0%| F|  |TAMS 0x000000074ae00000, 0x000000074ae00000| Untracked 
|  54|0x000000074b000000, 0x000000074b000000, 0x000000074b200000|  0%| F|  |TAMS 0x000000074b000000, 0x000000074b000000| Untracked 
|  55|0x000000074b200000, 0x000000074b200000, 0x000000074b400000|  0%| F|  |TAMS 0x000000074b200000, 0x000000074b200000| Untracked 
|  56|0x000000074b400000, 0x000000074b400000, 0x000000074b600000|  0%| F|  |TAMS 0x000000074b400000, 0x000000074b400000| Untracked 
|  57|0x000000074b600000, 0x000000074b600000, 0x000000074b800000|  0%| F|  |TAMS 0x000000074b600000, 0x000000074b600000| Untracked 
|  58|0x000000074b800000, 0x000000074b800000, 0x000000074ba00000|  0%| F|  |TAMS 0x000000074b800000, 0x000000074b800000| Untracked 
|  59|0x000000074ba00000, 0x000000074ba00000, 0x000000074bc00000|  0%| F|  |TAMS 0x000000074ba00000, 0x000000074ba00000| Untracked 
|  60|0x000000074bc00000, 0x000000074bc00000, 0x000000074be00000|  0%| F|  |TAMS 0x000000074bc00000, 0x000000074bc00000| Untracked 
|  61|0x000000074be00000, 0x000000074be00000, 0x000000074c000000|  0%| F|  |TAMS 0x000000074be00000, 0x000000074be00000| Untracked 
|  62|0x000000074c000000, 0x000000074c000000, 0x000000074c200000|  0%| F|  |TAMS 0x000000074c000000, 0x000000074c000000| Untracked 
|  63|0x000000074c200000, 0x000000074c200000, 0x000000074c400000|  0%| F|  |TAMS 0x000000074c200000, 0x000000074c200000| Untracked 
|  64|0x000000074c400000, 0x000000074c400000, 0x000000074c600000|  0%| F|  |TAMS 0x000000074c400000, 0x000000074c400000| Untracked 
|  65|0x000000074c600000, 0x000000074c600000, 0x000000074c800000|  0%| F|  |TAMS 0x000000074c600000, 0x000000074c600000| Untracked 
|  66|0x000000074c800000, 0x000000074c800000, 0x000000074ca00000|  0%| F|  |TAMS 0x000000074c800000, 0x000000074c800000| Untracked 
|  67|0x000000074ca00000, 0x000000074ca00000, 0x000000074cc00000|  0%| F|  |TAMS 0x000000074ca00000, 0x000000074ca00000| Untracked 
|  68|0x000000074cc00000, 0x000000074cc00000, 0x000000074ce00000|  0%| F|  |TAMS 0x000000074cc00000, 0x000000074cc00000| Untracked 
|  69|0x000000074ce00000, 0x000000074ce00000, 0x000000074d000000|  0%| F|  |TAMS 0x000000074ce00000, 0x000000074ce00000| Untracked 
|  70|0x000000074d000000, 0x000000074d000000, 0x000000074d200000|  0%| F|  |TAMS 0x000000074d000000, 0x000000074d000000| Untracked 
|  71|0x000000074d200000, 0x000000074d200000, 0x000000074d400000|  0%| F|  |TAMS 0x000000074d200000, 0x000000074d200000| Untracked 
|  72|0x000000074d400000, 0x000000074d400000, 0x000000074d600000|  0%| F|  |TAMS 0x000000074d400000, 0x000000074d400000| Untracked 
|  73|0x000000074d600000, 0x000000074d600000, 0x000000074d800000|  0%| F|  |TAMS 0x000000074d600000, 0x000000074d600000| Untracked 
|  74|0x000000074d800000, 0x000000074d800000, 0x000000074da00000|  0%| F|  |TAMS 0x000000074d800000, 0x000000074d800000| Untracked 
|  75|0x000000074da00000, 0x000000074da00000, 0x000000074dc00000|  0%| F|  |TAMS 0x000000074da00000, 0x000000074da00000| Untracked 
|  76|0x000000074dc00000, 0x000000074dc00000, 0x000000074de00000|  0%| F|  |TAMS 0x000000074dc00000, 0x000000074dc00000| Untracked 
|  77|0x000000074de00000, 0x000000074de00000, 0x000000074e000000|  0%| F|  |TAMS 0x000000074de00000, 0x000000074de00000| Untracked 
|  78|0x000000074e000000, 0x000000074e000000, 0x000000074e200000|  0%| F|  |TAMS 0x000000074e000000, 0x000000074e000000| Untracked 
|  79|0x000000074e200000, 0x000000074e200000, 0x000000074e400000|  0%| F|  |TAMS 0x000000074e200000, 0x000000074e200000| Untracked 
|  80|0x000000074e400000, 0x000000074e400000, 0x000000074e600000|  0%| F|  |TAMS 0x000000074e400000, 0x000000074e400000| Untracked 
|  81|0x000000074e600000, 0x000000074e600000, 0x000000074e800000|  0%| F|  |TAMS 0x000000074e600000, 0x000000074e600000| Untracked 
|  82|0x000000074e800000, 0x000000074e800000, 0x000000074ea00000|  0%| F|  |TAMS 0x000000074e800000, 0x000000074e800000| Untracked 
|  83|0x000000074ea00000, 0x000000074ea00000, 0x000000074ec00000|  0%| F|  |TAMS 0x000000074ea00000, 0x000000074ea00000| Untracked 
|  84|0x000000074ec00000, 0x000000074ec00000, 0x000000074ee00000|  0%| F|  |TAMS 0x000000074ec00000, 0x000000074ec00000| Untracked 
|  85|0x000000074ee00000, 0x000000074ee00000, 0x000000074f000000|  0%| F|  |TAMS 0x000000074ee00000, 0x000000074ee00000| Untracked 
|  86|0x000000074f000000, 0x000000074f000000, 0x000000074f200000|  0%| F|  |TAMS 0x000000074f000000, 0x000000074f000000| Untracked 
|  87|0x000000074f200000, 0x000000074f200000, 0x000000074f400000|  0%| F|  |TAMS 0x000000074f200000, 0x000000074f200000| Untracked 
|  88|0x000000074f400000, 0x000000074f400000, 0x000000074f600000|  0%| F|  |TAMS 0x000000074f400000, 0x000000074f400000| Untracked 
|  89|0x000000074f600000, 0x000000074f600000, 0x000000074f800000|  0%| F|  |TAMS 0x000000074f600000, 0x000000074f600000| Untracked 
|  90|0x000000074f800000, 0x000000074f932ac8, 0x000000074fa00000| 59%| E|  |TAMS 0x000000074f800000, 0x000000074f800000| Complete 
|  91|0x000000074fa00000, 0x000000074fc00000, 0x000000074fc00000|100%| E|CS|TAMS 0x000000074fa00000, 0x000000074fa00000| Complete 
|  92|0x000000074fc00000, 0x000000074fe00000, 0x000000074fe00000|100%| E|CS|TAMS 0x000000074fc00000, 0x000000074fc00000| Complete 
|  93|0x000000074fe00000, 0x0000000750000000, 0x0000000750000000|100%| E|CS|TAMS 0x000000074fe00000, 0x000000074fe00000| Complete 

Card table byte_map: [0x000002017dec0000,0x000002017e4a0000] _byte_map_base: 0x000002017a49e000

Marking Bits (Prev, Next): (CMBitMap*) 0x0000020175d73370, (CMBitMap*) 0x0000020175d733b0
 Prev Bits: [0x000002010f000000, 0x0000020111ef0000)
 Next Bits: [0x0000020111ef0000, 0x0000020114de0000)

Polling page: 0x00000201754c0000

Metaspace:

Usage:
  Non-class:      4.48 MB used.
      Class:    413.77 KB used.
       Both:      4.88 MB used.

Virtual space:
  Non-class space:       64.00 MB reserved,       4.50 MB (  7%) committed,  1 nodes.
      Class space:        1.00 GB reserved,     512.00 KB ( <1%) committed,  1 nodes.
             Both:        1.06 GB reserved,       5.00 MB ( <1%) committed. 

Chunk freelists:
   Non-Class:  10.94 MB
       Class:  15.55 MB
        Both:  26.49 MB

MaxMetaspaceSize: unlimited
CompressedClassSpaceSize: 1.00 GB
Initial GC threshold: 21.00 MB
Current GC threshold: 21.00 MB
CDS: off
MetaspaceReclaimPolicy: balanced
 - commit_granule_bytes: 65536.
 - commit_granule_words: 8192.
 - virtual_space_node_default_size: 8388608.
 - enlarge_chunks_in_place: 1.
 - new_chunks_are_fully_committed: 0.
 - uncommit_free_chunks: 1.
 - use_allocation_guard: 0.
 - handle_deallocations: 1.


Internal statistics:

num_allocs_failed_limit: 0.
num_arena_births: 4.
num_arena_deaths: 0.
num_vsnodes_births: 2.
num_vsnodes_deaths: 0.
num_space_committed: 80.
num_space_uncommitted: 0.
num_chunks_returned_to_freelist: 0.
num_chunks_taken_from_freelist: 14.
num_chunk_merges: 0.
num_chunk_splits: 4.
num_chunks_enlarged: 1.
num_inconsistent_stats: 0.

CodeHeap 'non-profiled nmethods': size=120000Kb used=53Kb max_used=53Kb free=119946Kb
 bounds [0x0000020107ad0000, 0x0000020107d40000, 0x000002010f000000]
CodeHeap 'profiled nmethods': size=120000Kb used=277Kb max_used=277Kb free=119722Kb
 bounds [0x0000020100000000, 0x0000020100270000, 0x0000020107530000]
CodeHeap 'non-nmethods': size=5760Kb used=1070Kb max_used=1085Kb free=4690Kb
 bounds [0x0000020107530000, 0x00000201077a0000, 0x0000020107ad0000]
 total_blobs=521 nmethods=202 adapters=232
 compilation: enabled
              stopped_count=0, restarted_count=0
 full_count=0

Compilation events (20 events):
Event: 0.211 Thread 0x000002011b05bd20  190       3       java.lang.AbstractStringBuilder::append (63 bytes)
Event: 0.212 Thread 0x000002011b05bd20 nmethod 190 0x000002010003cd10 code [0x000002010003cf00, 0x000002010003d468]
Event: 0.212 Thread 0x000002011b05bd20  189       3       java.lang.AbstractStringBuilder::appendChars (207 bytes)
Event: 0.212 Thread 0x000002011b05bd20 nmethod 189 0x000002010003d610 code [0x000002010003d8c0, 0x000002010003e868]
Event: 0.212 Thread 0x000002011b05bd20  191       3       java.util.zip.ZipFile$Source::isManifestName (165 bytes)
Event: 0.212 Thread 0x000002011b05b360 nmethod 161 0x0000020107adc510 code [0x0000020107adc680, 0x0000020107adc7f8]
Event: 0.212 Thread 0x000002011b05b360  171       4       java.lang.StringBuilder::append (8 bytes)
Event: 0.212 Thread 0x000002011b05bd20 nmethod 191 0x000002010003ee10 code [0x000002010003efe0, 0x000002010003f578]
Event: 0.212 Thread 0x000002011b05bd20  187       1       java.util.jar.Attributes$Name::hashCode (5 bytes)
Event: 0.212 Thread 0x000002011b05bd20 nmethod 187 0x0000020107adc910 code [0x0000020107adcaa0, 0x0000020107adcb78]
Event: 0.213 Thread 0x000002011b05bd20  192       3       java.lang.ref.Reference::<init> (25 bytes)
Event: 0.213 Thread 0x000002011b05bd20 nmethod 192 0x000002010003f710 code [0x000002010003f8c0, 0x000002010003fb58]
Event: 0.213 Thread 0x000002011b05bd20  193       1       java.util.ArrayList::size (5 bytes)
Event: 0.213 Thread 0x000002011b05bd20 nmethod 193 0x0000020107adcc10 code [0x0000020107adcda0, 0x0000020107adce78]
Event: 0.214 Thread 0x000002011b05bd20  194       3       java.lang.String::toLowerCase (29 bytes)
Event: 0.214 Thread 0x000002011b05bd20 nmethod 194 0x000002010003fc10 code [0x000002010003fde0, 0x00000201000400b8]
Event: 0.214 Thread 0x000002011b05bd20  195       3       java.lang.ref.Reference::refersTo (6 bytes)
Event: 0.214 Thread 0x000002011b05bd20 nmethod 195 0x0000020100040190 code [0x0000020100040340, 0x0000020100040508]
Event: 0.214 Thread 0x000002011b05bd20  196       3       java.lang.ref.Reference::refersToImpl (6 bytes)
Event: 0.214 Thread 0x000002011b05bd20 nmethod 196 0x0000020100040590 code [0x0000020100040720, 0x0000020100040868]

GC Heap History (0 events):
No events

Deoptimization events (14 events):
Event: 0.141 Thread 0x0000020175d10060 Uncommon trap: trap_request=0xffffff45 fr.pc=0x0000020107ad0ef8 relative=0x0000000000000078
Event: 0.141 Thread 0x0000020175d10060 Uncommon trap: reason=unstable_if action=reinterpret pc=0x0000020107ad0ef8 method=java.lang.String.isLatin1()Z @ 10 c2
Event: 0.141 Thread 0x0000020175d10060 DEOPT PACKING pc=0x0000020107ad0ef8 sp=0x0000000b950fed20
Event: 0.141 Thread 0x0000020175d10060 DEOPT UNPACKING pc=0x0000020107585ba3 sp=0x0000000b950fec60 mode 2
Event: 0.194 Thread 0x0000020175d10060 Uncommon trap: trap_request=0xffffff45 fr.pc=0x0000020107ad58a0 relative=0x0000000000000660
Event: 0.194 Thread 0x0000020175d10060 Uncommon trap: reason=unstable_if action=reinterpret pc=0x0000020107ad58a0 method=java.util.zip.ZipFile$Source.checkAndAddEntry(II)I @ 50 c2
Event: 0.194 Thread 0x0000020175d10060 DEOPT PACKING pc=0x0000020107ad58a0 sp=0x0000000b950fd870
Event: 0.194 Thread 0x0000020175d10060 DEOPT UNPACKING pc=0x0000020107585ba3 sp=0x0000000b950fd7e0 mode 2
Event: 0.198 Thread 0x0000020175d10060 DEOPT PACKING pc=0x0000020100009fe7 sp=0x0000000b950fd5f0
Event: 0.198 Thread 0x0000020175d10060 DEOPT UNPACKING pc=0x00000201075866e3 sp=0x0000000b950fca10 mode 0
Event: 0.207 Thread 0x0000020175d10060 DEOPT PACKING pc=0x0000020100007d51 sp=0x0000000b950f9f80
Event: 0.207 Thread 0x0000020175d10060 DEOPT UNPACKING pc=0x00000201075866e3 sp=0x0000000b950f93f8 mode 0
Event: 0.212 Thread 0x0000020175d10060 DEOPT PACKING pc=0x0000020100007d51 sp=0x0000000b950fa420
Event: 0.212 Thread 0x0000020175d10060 DEOPT UNPACKING pc=0x00000201075866e3 sp=0x0000000b950f9898 mode 0

Classes unloaded (0 events):
No events

Classes redefined (0 events):
No events

Internal exceptions (0 events):
No events

VM Operations (2 events):
Event: 0.187 Executing VM operation: HandshakeAllThreads
Event: 0.187 Executing VM operation: HandshakeAllThreads done

Events (20 events):
Event: 0.191 loading class java/util/SortedMap
Event: 0.191 loading class java/util/SortedMap done
Event: 0.191 loading class java/util/NavigableMap done
Event: 0.191 loading class java/util/TreeMap done
Event: 0.191 loading class java/util/TreeMap$Entry
Event: 0.192 loading class java/util/TreeMap$Entry done
Event: 0.192 loading class java/util/TreeMap$KeySet
Event: 0.192 loading class java/util/TreeMap$KeySet done
Event: 0.193 loading class java/util/TreeMap$KeyIterator
Event: 0.193 loading class java/util/TreeMap$PrivateEntryIterator
Event: 0.193 loading class java/util/TreeMap$PrivateEntryIterator done
Event: 0.193 loading class java/util/TreeMap$KeyIterator done
Event: 0.200 loading class jdk/internal/loader/URLClassPath$JarLoader$2
Event: 0.200 loading class jdk/internal/loader/URLClassPath$JarLoader$2 done
Event: 0.201 loading class java/util/zip/CRC32
Event: 0.201 loading class java/util/zip/Checksum
Event: 0.201 loading class java/util/zip/Checksum done
Event: 0.201 loading class java/util/zip/CRC32 done
Event: 0.202 loading class java/util/zip/Checksum$1
Event: 0.202 loading class java/util/zip/Checksum$1 done


Dynamic libraries:
0x00007ff68bbb0000 - 0x00007ff68bbc0000 	C:\Program Files\Java\jdk-17\bin\java.exe
0x00007ff8bcb90000 - 0x00007ff8bcda7000 	C:\WINDOWS\SYSTEM32\ntdll.dll
0x00007ff8bc3c0000 - 0x00007ff8bc484000 	C:\WINDOWS\System32\KERNEL32.DLL
0x00007ff8ba160000 - 0x00007ff8ba50d000 	C:\WINDOWS\System32\KERNELBASE.dll
0x00007ff8ba040000 - 0x00007ff8ba151000 	C:\WINDOWS\System32\ucrtbase.dll
0x00007ff8b6030000 - 0x00007ff8b6049000 	C:\Program Files\Java\jdk-17\bin\jli.dll
0x00007ff8bbb90000 - 0x00007ff8bbc42000 	C:\WINDOWS\System32\ADVAPI32.dll
0x00007ff8b5fd0000 - 0x00007ff8b5feb000 	C:\Program Files\Java\jdk-17\bin\VCRUNTIME140.dll
0x00007ff8bbcb0000 - 0x00007ff8bbd57000 	C:\WINDOWS\System32\msvcrt.dll
0x00007ff8bc310000 - 0x00007ff8bc3b9000 	C:\WINDOWS\System32\sechost.dll
0x00007ff8b9ec0000 - 0x00007ff8b9ee8000 	C:\WINDOWS\System32\bcrypt.dll
0x00007ff8bb970000 - 0x00007ff8bba84000 	C:\WINDOWS\System32\RPCRT4.dll
0x00007ff8baba0000 - 0x00007ff8bad4e000 	C:\WINDOWS\System32\USER32.dll
0x00007ff8b9ef0000 - 0x00007ff8b9f16000 	C:\WINDOWS\System32\win32u.dll
0x00007ff89d000000 - 0x00007ff89d293000 	C:\WINDOWS\WinSxS\amd64_microsoft.windows.common-controls_6595b64144ccf1df_6.0.22621.3672_none_2713b9d173822955\COMCTL32.dll
0x00007ff8bab50000 - 0x00007ff8bab79000 	C:\WINDOWS\System32\GDI32.dll
0x00007ff8b9f20000 - 0x00007ff8ba039000 	C:\WINDOWS\System32\gdi32full.dll
0x00007ff8ba830000 - 0x00007ff8ba8ca000 	C:\WINDOWS\System32\msvcp_win.dll
0x00007ff89be90000 - 0x00007ff89be9a000 	C:\WINDOWS\SYSTEM32\VERSION.dll
0x00007ff8bbe40000 - 0x00007ff8bbe71000 	C:\WINDOWS\System32\IMM32.DLL
0x00007ff8b6390000 - 0x00007ff8b639c000 	C:\Program Files\Java\jdk-17\bin\vcruntime140_1.dll
0x00007ff8a3c10000 - 0x00007ff8a3c9e000 	C:\Program Files\Java\jdk-17\bin\msvcp140.dll
0x00007ff805c50000 - 0x00007ff806830000 	C:\Program Files\Java\jdk-17\bin\server\jvm.dll
0x00007ff8bc300000 - 0x00007ff8bc308000 	C:\WINDOWS\System32\PSAPI.DLL
0x00007ff8b3a50000 - 0x00007ff8b3a84000 	C:\WINDOWS\SYSTEM32\WINMM.dll
0x00007ff88d0e0000 - 0x00007ff88d0e9000 	C:\WINDOWS\SYSTEM32\WSOCK32.dll
0x00007ff8baad0000 - 0x00007ff8bab41000 	C:\WINDOWS\System32\WS2_32.dll
0x00007ff8b8fa0000 - 0x00007ff8b8fb8000 	C:\WINDOWS\SYSTEM32\kernel.appcore.dll
0x00007ff8b5f50000 - 0x00007ff8b5f5a000 	C:\Program Files\Java\jdk-17\bin\jimage.dll
0x00007ff8b7150000 - 0x00007ff8b7382000 	C:\WINDOWS\SYSTEM32\DBGHELP.DLL
0x00007ff8bc5f0000 - 0x00007ff8bc978000 	C:\WINDOWS\System32\combase.dll
0x00007ff8bbd60000 - 0x00007ff8bbe37000 	C:\WINDOWS\System32\OLEAUT32.dll
0x00007ff882140000 - 0x00007ff882172000 	C:\WINDOWS\SYSTEM32\dbgcore.DLL
0x00007ff8ba580000 - 0x00007ff8ba5fb000 	C:\WINDOWS\System32\bcryptPrimitives.dll
0x00007ff8a3be0000 - 0x00007ff8a3c05000 	C:\Program Files\Java\jdk-17\bin\java.dll
0x00007ff8a36d0000 - 0x00007ff8a37a7000 	C:\Program Files\Java\jdk-17\bin\jsvml.dll
0x00007ff8bad50000 - 0x00007ff8bb5af000 	C:\WINDOWS\System32\SHELL32.dll
0x00007ff8b7dd0000 - 0x00007ff8b86cc000 	C:\WINDOWS\SYSTEM32\windows.storage.dll
0x00007ff8b7c90000 - 0x00007ff8b7dcf000 	C:\WINDOWS\SYSTEM32\wintypes.dll
0x00007ff8bc4f0000 - 0x00007ff8bc5e4000 	C:\WINDOWS\System32\SHCORE.dll
0x00007ff8bbc50000 - 0x00007ff8bbcae000 	C:\WINDOWS\System32\shlwapi.dll
0x00007ff8b9df0000 - 0x00007ff8b9e11000 	C:\WINDOWS\SYSTEM32\profapi.dll
0x00007ff8b5ec0000 - 0x00007ff8b5ed9000 	C:\Program Files\Java\jdk-17\bin\net.dll
0x00007ff8b63e0000 - 0x00007ff8b6516000 	C:\WINDOWS\SYSTEM32\WINHTTP.dll
0x00007ff8b9410000 - 0x00007ff8b9479000 	C:\WINDOWS\system32\mswsock.dll
0x00007ff8a3bc0000 - 0x00007ff8a3bd6000 	C:\Program Files\Java\jdk-17\bin\nio.dll
0x00007ff8a3ba0000 - 0x00007ff8a3bb8000 	C:\Program Files\Java\jdk-17\bin\zip.dll

dbghelp: loaded successfully - version: 4.0.5 - missing functions: none
symbol engine: initialized successfully - sym options: 0x614 - pdb path: .;C:\Program Files\Java\jdk-17\bin;C:\WINDOWS\SYSTEM32;C:\WINDOWS\WinSxS\amd64_microsoft.windows.common-controls_6595b64144ccf1df_6.0.22621.3672_none_2713b9d173822955;C:\Program Files\Java\jdk-17\bin\server

VM Arguments:
jvm_args: -XX:+ShowCodeDetailsInExceptionMessages 
java_command: com.example.bloomgift.BloomgiftApplication
java_class_path (initial): D:\trinh-do\BloomGift\bloomgift(test)\bloomgift\target\classes;C:\Users\DELL\.m2\repository\org\springframework\boot\spring-boot-starter-data-jpa\3.3.2\spring-boot-starter-data-jpa-3.3.2.jar;C:\Users\DELL\.m2\repository\org\springframework\boot\spring-boot-starter-aop\3.3.2\spring-boot-starter-aop-3.3.2.jar;C:\Users\DELL\.m2\repository\org\aspectj\aspectjweaver\1.9.22.1\aspectjweaver-1.9.22.1.jar;C:\Users\DELL\.m2\repository\org\springframework\boot\spring-boot-starter-jdbc\3.3.2\spring-boot-starter-jdbc-3.3.2.jar;C:\Users\DELL\.m2\repository\com\zaxxer\HikariCP\5.1.0\HikariCP-5.1.0.jar;C:\Users\DELL\.m2\repository\org\springframework\spring-jdbc\6.1.11\spring-jdbc-6.1.11.jar;C:\Users\DELL\.m2\repository\org\hibernate\orm\hibernate-core\6.5.2.Final\hibernate-core-6.5.2.Final.jar;C:\Users\DELL\.m2\repository\jakarta\persistence\jakarta.persistence-api\3.1.0\jakarta.persistence-api-3.1.0.jar;C:\Users\DELL\.m2\repository\jakarta\transaction\jakarta.transaction-api\2.0.1\jakarta.transaction-api-2.0.1.jar;C:\Users\DELL\.m2\repository\org\jboss\logging\jboss-logging\3.5.3.Final\jboss-logging-3.5.3.Final.jar;C:\Users\DELL\.m2\repository\org\hibernate\common\hibernate-commons-annotations\6.0.6.Final\hibernate-commons-annotations-6.0.6.Final.jar;C:\Users\DELL\.m2\repository\io\smallrye\jandex\3.1.2\jandex-3.1.2.jar;C:\Users\DELL\.m2\repository\com\fasterxml\classmate\1.7.0\classmate-1.7.0.jar;C:\Users\DELL\.m2\repository\net\bytebuddy\byte-buddy\1.14.18\byte-buddy-1.14.18.jar;C:\Users\DELL\.m2\repository\org\glassfish\jaxb\jaxb-runtime\4.0.5\jaxb-runtime-4.0.5.jar;C:\Users\DELL\.m2\repository\org\glassfish\jaxb\jaxb-core\4.0.5\jaxb-core-4.0.5.jar;C:\Users\DELL\.m2\repository\org\glassfish\jaxb\txw2\4.0.5\txw2-4.0.5.jar;C:\Users\DELL\.m2\repository\com\sun\istack\istack-commons-runtime\4.1.2\istack-commons-runtime-4.1.2.jar;C:\Users\DELL\.m2\repository\jakarta\inject\jakarta.inject-api\2.0.1\jakarta.inject-api-2.0.1.jar;C:\Users\DELL\.m2\repositor
Launcher Type: SUN_STANDARD

[Global flags]
     intx CICompilerCount                          = 4                                         {product} {ergonomic}
     uint ConcGCThreads                            = 2                                         {product} {ergonomic}
     uint G1ConcRefinementThreads                  = 8                                         {product} {ergonomic}
   size_t G1HeapRegionSize                         = 2097152                                   {product} {ergonomic}
    uintx GCDrainStackTargetSize                   = 64                                        {product} {ergonomic}
   size_t InitialHeapSize                          = 197132288                                 {product} {ergonomic}
   size_t MarkStackSize                            = 4194304                                   {product} {ergonomic}
   size_t MaxHeapSize                              = 3149922304                                {product} {ergonomic}
   size_t MaxNewSize                               = 1889533952                                {product} {ergonomic}
   size_t MinHeapDeltaBytes                        = 2097152                                   {product} {ergonomic}
   size_t MinHeapSize                              = 8388608                                   {product} {ergonomic}
    uintx NonNMethodCodeHeapSize                   = 5839372                                {pd product} {ergonomic}
    uintx NonProfiledCodeHeapSize                  = 122909434                              {pd product} {ergonomic}
    uintx ProfiledCodeHeapSize                     = 122909434                              {pd product} {ergonomic}
    uintx ReservedCodeCacheSize                    = 251658240                              {pd product} {ergonomic}
     bool SegmentedCodeCache                       = true                                      {product} {ergonomic}
     bool ShowCodeDetailsInExceptionMessages       = true                                   {manageable} {command line}
   size_t SoftMaxHeapSize                          = 3149922304                             {manageable} {ergonomic}
     bool UseCompressedClassPointers               = true                           {product lp64_product} {ergonomic}
     bool UseCompressedOops                        = true                           {product lp64_product} {ergonomic}
     bool UseG1GC                                  = true                                      {product} {ergonomic}
     bool UseLargePagesIndividualAllocation        = false                                  {pd product} {ergonomic}

Logging:
Log output configuration:
 #0: stdout all=warning uptime,level,tags
 #1: stderr all=off uptime,level,tags

Environment Variables:
JAVA_HOME=C:\Program Files\Java\jre1.8.0_321
PATH=C:\Program Files\Common Files\Oracle\Java\javapath;C:\Program Files (x86)\Common Files\Oracle\Java\java8path;C:\Program Files (x86)\Common Files\Oracle\Java\javapath;C:\Program Files\Python39\Scripts\;C:\Program Files\Python39\;C:\WINDOWS\system32;C:\WINDOWS;C:\WINDOWS\System32\Wbem;C:\WINDOWS\System32\WindowsPowerShell\v1.0\;C:\WINDOWS\System32\OpenSSH\;C:\TDM-GCC-64\bin;C:\Program Files\Java\jre1.8.0_321\bin;C:\Program Files\Microsoft SQL Server\Client SDK\ODBC\170\Tools\Binn\;C:\Program Files (x86)\Microsoft SQL Server\150\Tools\Binn\;C:\Program Files\Microsoft SQL Server\150\Tools\Binn\;C:\Program Files\Microsoft SQL Server\150\DTS\Binn\;C:\Program Files (x86)\Microsoft SQL Server\160\DTS\Binn\;C:\Program Files (x86)\Microsoft SQL Server\150\DTS\Binn\;C:\Program Files\Azure Data Studio\bin;C:\Program Files\TortoiseGit\bin;C:\Program Files\Git\cmd;C:\Program Files\dotnet\;C:\Users\DELL\AppData\Local\Microsoft\WindowsApps;C:\TDM-GCC-64\bin;C:\TDM-GCC-64\lib;C:\Program Files\JetBrains\IntelliJ IDEA 2022.1\bin;;C:\Program Files\Azure Data Studio\bin;C:\Program Files\Azure Data Studio\bin;C:\Program Files\Azure Data Studio\bin;C:\Users\DELL\.dotnet\tools;D:\Microsoft VS Code\bin
USERNAME=DELL
LANG=en_US.UTF-8
OS=Windows_NT
PROCESSOR_IDENTIFIER=Intel64 Family 6 Model 140 Stepping 1, GenuineIntel



---------------  S Y S T E M  ---------------

OS:
 Windows 11 , 64 bit Build 22621 (10.0.22621.3672)
OS uptime: 0 days 1:01 hours
Hyper-V role detected

CPU: total 8 (initial active 8) (4 cores per cpu, 2 threads per core) family 6 model 140 stepping 1 microcode 0xb4, cx8, cmov, fxsr, ht, mmx, 3dnowpref, sse, sse2, sse3, ssse3, sse4.1, sse4.2, popcnt, lzcnt, tsc, tscinvbit, avx, avx2, aes, erms, clmul, bmi1, bmi2, adx, avx512f, avx512dq, avx512cd, avx512bw, avx512vl, sha, fma, vzeroupper, avx512_vpopcntdq, avx512_vpclmulqdq, avx512_vaes, avx512_vnni, clflush, clflushopt, clwb, avx512_vbmi2, avx512_vbmi, hv

Memory: 4k page, system-wide physical 12010M (2304M free)
TotalPageFile size 12591M (AvailPageFile size 3M)
current process WorkingSet (physical memory assigned to process): 39M, peak: 39M
current process commit charge ("private bytes"): 270M, peak: 270M

vm_info: Java HotSpot(TM) 64-Bit Server VM (17.0.11+7-LTS-207) for windows-amd64 JRE (17.0.11+7-LTS-207), built on Mar 11 2024 19:01:50 by "mach5one" with MS VC++ 17.6 (VS2022)

END.
