#
# There is insufficient memory for the Java Runtime Environment to continue.
# Native memory allocation (malloc) failed to allocate 1165936 bytes for Chunk::new
# Possible reasons:
#   The system is out of physical RAM or swap space
#   The process is running with CompressedOops enabled, and the Java Heap may be blocking the growth of the native heap
# Possible solutions:
#   Reduce memory load on the system
#   Increase physical memory or swap space
#   Check if swap backing store is full
#   Decrease Java heap size (-Xmx/-Xms)
#   Decrease number of Java threads
#   Decrease Java thread stack sizes (-Xss)
#   Set larger code cache with -XX:ReservedCodeCacheSize=
#   JVM is running with Zero Based Compressed Oops mode in which the Java heap is
#     placed in the first 32GB address space. The Java Heap base address is the
#     maximum limit for the native heap growth. Please use -XX:HeapBaseMinAddress
#     to set the Java Heap base and to place the Java Heap above 32GB virtual address.
# This output file may be truncated or incomplete.
#
#  Out of Memory Error (arena.cpp:189), pid=1420, tid=4036
#
# JRE version: Java(TM) SE Runtime Environment (17.0.11+7) (build 17.0.11+7-LTS-207)
# Java VM: Java HotSpot(TM) 64-Bit Server VM (17.0.11+7-LTS-207, mixed mode, sharing, tiered, compressed oops, compressed class ptrs, g1 gc, windows-amd64)
# No core dump will be written. Minidumps are not enabled by default on client versions of Windows
#

---------------  S U M M A R Y ------------

Command Line: -XX:+ShowCodeDetailsInExceptionMessages com.example.bloomgift.BloomgiftApplication

Host: 11th Gen Intel(R) Core(TM) i5-1135G7 @ 2.40GHz, 8 cores, 11G,  Windows 11 , 64 bit Build 22621 (10.0.22621.3672)
Time: Fri Aug  2 16:30:41 2024 SE Asia Standard Time elapsed time: 1.414208 seconds (0d 0h 0m 1s)

---------------  T H R E A D  ---------------

Current thread (0x000001fdee70c000):  JavaThread "C2 CompilerThread2" daemon [_thread_in_native, id=4036, stack(0x000000836b300000,0x000000836b400000)]


Current CompileTask:
C2:   1414 1981   !   4       java.net.URL::<init> (543 bytes)

Stack: [0x000000836b300000,0x000000836b400000]
Native frames: (J=compiled Java code, j=interpreted, Vv=VM code, C=native code)
V  [jvm.dll+0x679cca]
V  [jvm.dll+0x7da13d]
V  [jvm.dll+0x7dba83]
V  [jvm.dll+0x7dc0f3]
V  [jvm.dll+0x2449af]
V  [jvm.dll+0xab83b]
V  [jvm.dll+0xabe1c]
V  [jvm.dll+0x36155f]
V  [jvm.dll+0x32bd61]
V  [jvm.dll+0x32b1fa]
V  [jvm.dll+0x2161df]
V  [jvm.dll+0x21560f]
V  [jvm.dll+0x1a2040]
V  [jvm.dll+0x225a2b]
V  [jvm.dll+0x223bcb]
V  [jvm.dll+0x7903ec]
V  [jvm.dll+0x78a85a]
V  [jvm.dll+0x678bb5]
C  [ucrtbase.dll+0x29333]
C  [KERNEL32.DLL+0x1257d]
C  [ntdll.dll+0x5af28]


---------------  P R O C E S S  ---------------

Threads class SMR info:
_java_thread_list=0x000001fdee4660f0, length=15, elements={
0x000001fdc633e550, 0x000001fde8a1b720, 0x000001fde8a1c2e0, 0x000001fde8a30de0,
0x000001fde8a319a0, 0x000001fde8a34570, 0x000001fde8a35130, 0x000001fde8a38e00,
0x000001fde8a397c0, 0x000001fde8a3c0e0, 0x000001fde8c92290, 0x000001fde8c96150,
0x000001fde8d3a4b0, 0x000001fdede81920, 0x000001fdee70c000
}

Java Threads: ( => current thread )
  0x000001fdc633e550 JavaThread "main" [_thread_in_Java, id=3200, stack(0x0000008369700000,0x0000008369800000)]
  0x000001fde8a1b720 JavaThread "Reference Handler" daemon [_thread_blocked, id=9768, stack(0x0000008369e00000,0x0000008369f00000)]
  0x000001fde8a1c2e0 JavaThread "Finalizer" daemon [_thread_blocked, id=14900, stack(0x0000008369f00000,0x000000836a000000)]
  0x000001fde8a30de0 JavaThread "Signal Dispatcher" daemon [_thread_blocked, id=4312, stack(0x000000836a000000,0x000000836a100000)]
  0x000001fde8a319a0 JavaThread "Attach Listener" daemon [_thread_blocked, id=8004, stack(0x000000836a100000,0x000000836a200000)]
  0x000001fde8a34570 JavaThread "Service Thread" daemon [_thread_blocked, id=12500, stack(0x000000836a200000,0x000000836a300000)]
  0x000001fde8a35130 JavaThread "Monitor Deflation Thread" daemon [_thread_blocked, id=12960, stack(0x000000836a300000,0x000000836a400000)]
  0x000001fde8a38e00 JavaThread "C2 CompilerThread0" daemon [_thread_in_native, id=10744, stack(0x000000836a400000,0x000000836a500000)]
  0x000001fde8a397c0 JavaThread "C1 CompilerThread0" daemon [_thread_blocked, id=9744, stack(0x000000836a500000,0x000000836a600000)]
  0x000001fde8a3c0e0 JavaThread "Sweeper thread" daemon [_thread_blocked, id=10260, stack(0x000000836a600000,0x000000836a700000)]
  0x000001fde8c92290 JavaThread "Notification Thread" daemon [_thread_blocked, id=6204, stack(0x000000836a700000,0x000000836a800000)]
  0x000001fde8c96150 JavaThread "Common-Cleaner" daemon [_thread_blocked, id=10036, stack(0x000000836a900000,0x000000836aa00000)]
  0x000001fde8d3a4b0 JavaThread "C2 CompilerThread1" daemon [_thread_in_native, id=14120, stack(0x000000836aa00000,0x000000836ab00000)]
  0x000001fdede81920 JavaThread "background-preinit" [_thread_in_vm, id=3092, stack(0x000000836af00000,0x000000836b000000)]
=>0x000001fdee70c000 JavaThread "C2 CompilerThread2" daemon [_thread_in_native, id=4036, stack(0x000000836b300000,0x000000836b400000)]

Other Threads:
  0x000001fde8a14c60 VMThread "VM Thread" [stack: 0x0000008369d00000,0x0000008369e00000] [id=2284]
  0x000001fdc659c140 WatcherThread [stack: 0x000000836a800000,0x000000836a900000] [id=15880]
  0x000001fdc6578540 GCTaskThread "GC Thread#0" [stack: 0x0000008369800000,0x0000008369900000] [id=16480]
  0x000001fded3ada20 GCTaskThread "GC Thread#1" [stack: 0x000000836ab00000,0x000000836ac00000] [id=12840]
  0x000001fded3adce0 GCTaskThread "GC Thread#2" [stack: 0x000000836ac00000,0x000000836ad00000] [id=7444]
  0x000001fdeddf8df0 GCTaskThread "GC Thread#3" [stack: 0x000000836ad00000,0x000000836ae00000] [id=10820]
  0x000001fde8f6e520 GCTaskThread "GC Thread#4" [stack: 0x000000836ae00000,0x000000836af00000] [id=8236]
  0x000001fdede490d0 GCTaskThread "GC Thread#5" [stack: 0x000000836b000000,0x000000836b100000] [id=13348]
  0x000001fdee060330 GCTaskThread "GC Thread#6" [stack: 0x000000836b100000,0x000000836b200000] [id=5736]
  0x000001fdee037cc0 GCTaskThread "GC Thread#7" [stack: 0x000000836b200000,0x000000836b300000] [id=5520]
  0x000001fdc6585050 ConcurrentGCThread "G1 Main Marker" [stack: 0x0000008369900000,0x0000008369a00000] [id=13276]
  0x000001fdc6585a60 ConcurrentGCThread "G1 Conc#0" [stack: 0x0000008369a00000,0x0000008369b00000] [id=4564]
  0x000001fdc65be420 ConcurrentGCThread "G1 Refine#0" [stack: 0x0000008369b00000,0x0000008369c00000] [id=8608]
  0x000001fde88e10c0 ConcurrentGCThread "G1 Service" [stack: 0x0000008369c00000,0x0000008369d00000] [id=16764]

Threads with active compile tasks:
C2 CompilerThread0     1449 2049   !   4       jdk.internal.loader.URLClassPath$JarLoader::getResource (354 bytes)
C2 CompilerThread1     1449 2046       4       org.springframework.boot.context.properties.source.ConfigurationPropertyName$ElementsParser::parse (234 bytes)
C2 CompilerThread2     1449 1981   !   4       java.net.URL::<init> (543 bytes)

VM state: not at safepoint (normal execution)

VM Mutex/Monitor currently owned by a thread: None

Heap address: 0x0000000744400000, size: 3004 MB, Compressed Oops mode: Zero based, Oop shift amount: 3

CDS archive(s) mapped at: [0x000001fd80000000-0x000001fd80bd0000-0x000001fd80bd0000), size 12386304, SharedBaseAddress: 0x000001fd80000000, ArchiveRelocationMode: 1.
Compressed class space mapped at: 0x000001fd81000000-0x000001fdc1000000, reserved size: 1073741824
Narrow klass base: 0x000001fd80000000, Narrow klass shift: 0, Narrow klass range: 0x100000000

GC Precious Log:
 CPUs: 8 total, 8 available
 Memory: 12010M
 Large Page Support: Disabled
 NUMA Support: Disabled
 Compressed Oops: Enabled (Zero based)
 Heap Region Size: 2M
 Heap Min Capacity: 8M
 Heap Initial Capacity: 188M
 Heap Max Capacity: 3004M
 Pre-touch: Disabled
 Parallel Workers: 8
 Concurrent Workers: 2
 Concurrent Refinement Workers: 8
 Periodic GC: Disabled

Heap:
 garbage-first heap   total 192512K, used 37670K [0x0000000744400000, 0x0000000800000000)
  region size 2048K, 16 young (32768K), 1 survivors (2048K)
 Metaspace       used 17707K, committed 17920K, reserved 1114112K
  class space    used 2244K, committed 2368K, reserved 1048576K

Heap Regions: E=young(eden), S=young(survivor), O=old, HS=humongous(starts), HC=humongous(continues), CS=collection set, F=free, OA=open archive, CA=closed archive, TAMS=top-at-mark-start (previous, next)
|   0|0x0000000744400000, 0x0000000744600000, 0x0000000744600000|100%| O|  |TAMS 0x0000000744400000, 0x0000000744400000| Untracked 
|   1|0x0000000744600000, 0x0000000744800000, 0x0000000744800000|100%| O|  |TAMS 0x0000000744600000, 0x0000000744600000| Untracked 
|   2|0x0000000744800000, 0x0000000744a00000, 0x0000000744a00000|100%| O|  |TAMS 0x0000000744800000, 0x0000000744800000| Untracked 
|   3|0x0000000744a00000, 0x0000000744af9c00, 0x0000000744c00000| 48%| O|  |TAMS 0x0000000744a00000, 0x0000000744a00000| Untracked 
|   4|0x0000000744c00000, 0x0000000744c00000, 0x0000000744e00000|  0%| F|  |TAMS 0x0000000744c00000, 0x0000000744c00000| Untracked 
|   5|0x0000000744e00000, 0x0000000744e00000, 0x0000000745000000|  0%| F|  |TAMS 0x0000000744e00000, 0x0000000744e00000| Untracked 
|   6|0x0000000745000000, 0x0000000745000000, 0x0000000745200000|  0%| F|  |TAMS 0x0000000745000000, 0x0000000745000000| Untracked 
|   7|0x0000000745200000, 0x0000000745200000, 0x0000000745400000|  0%| F|  |TAMS 0x0000000745200000, 0x0000000745200000| Untracked 
|   8|0x0000000745400000, 0x0000000745400000, 0x0000000745600000|  0%| F|  |TAMS 0x0000000745400000, 0x0000000745400000| Untracked 
|   9|0x0000000745600000, 0x0000000745600000, 0x0000000745800000|  0%| F|  |TAMS 0x0000000745600000, 0x0000000745600000| Untracked 
|  10|0x0000000745800000, 0x0000000745800000, 0x0000000745a00000|  0%| F|  |TAMS 0x0000000745800000, 0x0000000745800000| Untracked 
|  11|0x0000000745a00000, 0x0000000745a00000, 0x0000000745c00000|  0%| F|  |TAMS 0x0000000745a00000, 0x0000000745a00000| Untracked 
|  12|0x0000000745c00000, 0x0000000745c00000, 0x0000000745e00000|  0%| F|  |TAMS 0x0000000745c00000, 0x0000000745c00000| Untracked 
|  13|0x0000000745e00000, 0x0000000745e00000, 0x0000000746000000|  0%| F|  |TAMS 0x0000000745e00000, 0x0000000745e00000| Untracked 
|  14|0x0000000746000000, 0x0000000746000000, 0x0000000746200000|  0%| F|  |TAMS 0x0000000746000000, 0x0000000746000000| Untracked 
|  15|0x0000000746200000, 0x0000000746200000, 0x0000000746400000|  0%| F|  |TAMS 0x0000000746200000, 0x0000000746200000| Untracked 
|  16|0x0000000746400000, 0x0000000746400000, 0x0000000746600000|  0%| F|  |TAMS 0x0000000746400000, 0x0000000746400000| Untracked 
|  17|0x0000000746600000, 0x0000000746600000, 0x0000000746800000|  0%| F|  |TAMS 0x0000000746600000, 0x0000000746600000| Untracked 
|  18|0x0000000746800000, 0x0000000746800000, 0x0000000746a00000|  0%| F|  |TAMS 0x0000000746800000, 0x0000000746800000| Untracked 
|  19|0x0000000746a00000, 0x0000000746a00000, 0x0000000746c00000|  0%| F|  |TAMS 0x0000000746a00000, 0x0000000746a00000| Untracked 
|  20|0x0000000746c00000, 0x0000000746c00000, 0x0000000746e00000|  0%| F|  |TAMS 0x0000000746c00000, 0x0000000746c00000| Untracked 
|  21|0x0000000746e00000, 0x0000000746e00000, 0x0000000747000000|  0%| F|  |TAMS 0x0000000746e00000, 0x0000000746e00000| Untracked 
|  22|0x0000000747000000, 0x0000000747000000, 0x0000000747200000|  0%| F|  |TAMS 0x0000000747000000, 0x0000000747000000| Untracked 
|  23|0x0000000747200000, 0x0000000747200000, 0x0000000747400000|  0%| F|  |TAMS 0x0000000747200000, 0x0000000747200000| Untracked 
|  24|0x0000000747400000, 0x0000000747400000, 0x0000000747600000|  0%| F|  |TAMS 0x0000000747400000, 0x0000000747400000| Untracked 
|  25|0x0000000747600000, 0x0000000747600000, 0x0000000747800000|  0%| F|  |TAMS 0x0000000747600000, 0x0000000747600000| Untracked 
|  26|0x0000000747800000, 0x0000000747800000, 0x0000000747a00000|  0%| F|  |TAMS 0x0000000747800000, 0x0000000747800000| Untracked 
|  27|0x0000000747a00000, 0x0000000747a00000, 0x0000000747c00000|  0%| F|  |TAMS 0x0000000747a00000, 0x0000000747a00000| Untracked 
|  28|0x0000000747c00000, 0x0000000747c00000, 0x0000000747e00000|  0%| F|  |TAMS 0x0000000747c00000, 0x0000000747c00000| Untracked 
|  29|0x0000000747e00000, 0x0000000747e00000, 0x0000000748000000|  0%| F|  |TAMS 0x0000000747e00000, 0x0000000747e00000| Untracked 
|  30|0x0000000748000000, 0x0000000748000000, 0x0000000748200000|  0%| F|  |TAMS 0x0000000748000000, 0x0000000748000000| Untracked 
|  31|0x0000000748200000, 0x0000000748200000, 0x0000000748400000|  0%| F|  |TAMS 0x0000000748200000, 0x0000000748200000| Untracked 
|  32|0x0000000748400000, 0x0000000748400000, 0x0000000748600000|  0%| F|  |TAMS 0x0000000748400000, 0x0000000748400000| Untracked 
|  33|0x0000000748600000, 0x0000000748600000, 0x0000000748800000|  0%| F|  |TAMS 0x0000000748600000, 0x0000000748600000| Untracked 
|  34|0x0000000748800000, 0x0000000748800000, 0x0000000748a00000|  0%| F|  |TAMS 0x0000000748800000, 0x0000000748800000| Untracked 
|  35|0x0000000748a00000, 0x0000000748a00000, 0x0000000748c00000|  0%| F|  |TAMS 0x0000000748a00000, 0x0000000748a00000| Untracked 
|  36|0x0000000748c00000, 0x0000000748c00000, 0x0000000748e00000|  0%| F|  |TAMS 0x0000000748c00000, 0x0000000748c00000| Untracked 
|  37|0x0000000748e00000, 0x0000000748e00000, 0x0000000749000000|  0%| F|  |TAMS 0x0000000748e00000, 0x0000000748e00000| Untracked 
|  38|0x0000000749000000, 0x0000000749000000, 0x0000000749200000|  0%| F|  |TAMS 0x0000000749000000, 0x0000000749000000| Untracked 
|  39|0x0000000749200000, 0x0000000749200000, 0x0000000749400000|  0%| F|  |TAMS 0x0000000749200000, 0x0000000749200000| Untracked 
|  40|0x0000000749400000, 0x0000000749400000, 0x0000000749600000|  0%| F|  |TAMS 0x0000000749400000, 0x0000000749400000| Untracked 
|  41|0x0000000749600000, 0x0000000749600000, 0x0000000749800000|  0%| F|  |TAMS 0x0000000749600000, 0x0000000749600000| Untracked 
|  42|0x0000000749800000, 0x0000000749800000, 0x0000000749a00000|  0%| F|  |TAMS 0x0000000749800000, 0x0000000749800000| Untracked 
|  43|0x0000000749a00000, 0x0000000749a00000, 0x0000000749c00000|  0%| F|  |TAMS 0x0000000749a00000, 0x0000000749a00000| Untracked 
|  44|0x0000000749c00000, 0x0000000749c00000, 0x0000000749e00000|  0%| F|  |TAMS 0x0000000749c00000, 0x0000000749c00000| Untracked 
|  45|0x0000000749e00000, 0x0000000749e00000, 0x000000074a000000|  0%| F|  |TAMS 0x0000000749e00000, 0x0000000749e00000| Untracked 
|  46|0x000000074a000000, 0x000000074a000000, 0x000000074a200000|  0%| F|  |TAMS 0x000000074a000000, 0x000000074a000000| Untracked 
|  47|0x000000074a200000, 0x000000074a200000, 0x000000074a400000|  0%| F|  |TAMS 0x000000074a200000, 0x000000074a200000| Untracked 
|  48|0x000000074a400000, 0x000000074a400000, 0x000000074a600000|  0%| F|  |TAMS 0x000000074a400000, 0x000000074a400000| Untracked 
|  49|0x000000074a600000, 0x000000074a600000, 0x000000074a800000|  0%| F|  |TAMS 0x000000074a600000, 0x000000074a600000| Untracked 
|  50|0x000000074a800000, 0x000000074a800000, 0x000000074aa00000|  0%| F|  |TAMS 0x000000074a800000, 0x000000074a800000| Untracked 
|  51|0x000000074aa00000, 0x000000074aa00000, 0x000000074ac00000|  0%| F|  |TAMS 0x000000074aa00000, 0x000000074aa00000| Untracked 
|  52|0x000000074ac00000, 0x000000074ac00000, 0x000000074ae00000|  0%| F|  |TAMS 0x000000074ac00000, 0x000000074ac00000| Untracked 
|  53|0x000000074ae00000, 0x000000074ae00000, 0x000000074b000000|  0%| F|  |TAMS 0x000000074ae00000, 0x000000074ae00000| Untracked 
|  54|0x000000074b000000, 0x000000074b000000, 0x000000074b200000|  0%| F|  |TAMS 0x000000074b000000, 0x000000074b000000| Untracked 
|  55|0x000000074b200000, 0x000000074b200000, 0x000000074b400000|  0%| F|  |TAMS 0x000000074b200000, 0x000000074b200000| Untracked 
|  56|0x000000074b400000, 0x000000074b400000, 0x000000074b600000|  0%| F|  |TAMS 0x000000074b400000, 0x000000074b400000| Untracked 
|  57|0x000000074b600000, 0x000000074b600000, 0x000000074b800000|  0%| F|  |TAMS 0x000000074b600000, 0x000000074b600000| Untracked 
|  58|0x000000074b800000, 0x000000074b800000, 0x000000074ba00000|  0%| F|  |TAMS 0x000000074b800000, 0x000000074b800000| Untracked 
|  59|0x000000074ba00000, 0x000000074ba00000, 0x000000074bc00000|  0%| F|  |TAMS 0x000000074ba00000, 0x000000074ba00000| Untracked 
|  60|0x000000074bc00000, 0x000000074bc00000, 0x000000074be00000|  0%| F|  |TAMS 0x000000074bc00000, 0x000000074bc00000| Untracked 
|  61|0x000000074be00000, 0x000000074be00000, 0x000000074c000000|  0%| F|  |TAMS 0x000000074be00000, 0x000000074be00000| Untracked 
|  62|0x000000074c000000, 0x000000074c000000, 0x000000074c200000|  0%| F|  |TAMS 0x000000074c000000, 0x000000074c000000| Untracked 
|  63|0x000000074c200000, 0x000000074c200000, 0x000000074c400000|  0%| F|  |TAMS 0x000000074c200000, 0x000000074c200000| Untracked 
|  64|0x000000074c400000, 0x000000074c400000, 0x000000074c600000|  0%| F|  |TAMS 0x000000074c400000, 0x000000074c400000| Untracked 
|  65|0x000000074c600000, 0x000000074c600000, 0x000000074c800000|  0%| F|  |TAMS 0x000000074c600000, 0x000000074c600000| Untracked 
|  66|0x000000074c800000, 0x000000074c800000, 0x000000074ca00000|  0%| F|  |TAMS 0x000000074c800000, 0x000000074c800000| Untracked 
|  67|0x000000074ca00000, 0x000000074ca00000, 0x000000074cc00000|  0%| F|  |TAMS 0x000000074ca00000, 0x000000074ca00000| Untracked 
|  68|0x000000074cc00000, 0x000000074cc00000, 0x000000074ce00000|  0%| F|  |TAMS 0x000000074cc00000, 0x000000074cc00000| Untracked 
|  69|0x000000074ce00000, 0x000000074ce00000, 0x000000074d000000|  0%| F|  |TAMS 0x000000074ce00000, 0x000000074ce00000| Untracked 
|  70|0x000000074d000000, 0x000000074d000000, 0x000000074d200000|  0%| F|  |TAMS 0x000000074d000000, 0x000000074d000000| Untracked 
|  71|0x000000074d200000, 0x000000074d200000, 0x000000074d400000|  0%| F|  |TAMS 0x000000074d200000, 0x000000074d200000| Untracked 
|  72|0x000000074d400000, 0x000000074d400000, 0x000000074d600000|  0%| F|  |TAMS 0x000000074d400000, 0x000000074d400000| Untracked 
|  73|0x000000074d600000, 0x000000074d600000, 0x000000074d800000|  0%| F|  |TAMS 0x000000074d600000, 0x000000074d600000| Untracked 
|  74|0x000000074d800000, 0x000000074d800000, 0x000000074da00000|  0%| F|  |TAMS 0x000000074d800000, 0x000000074d800000| Untracked 
|  75|0x000000074da00000, 0x000000074da00000, 0x000000074dc00000|  0%| F|  |TAMS 0x000000074da00000, 0x000000074da00000| Untracked 
|  76|0x000000074dc00000, 0x000000074dc00000, 0x000000074de00000|  0%| F|  |TAMS 0x000000074dc00000, 0x000000074dc00000| Untracked 
|  77|0x000000074de00000, 0x000000074de00000, 0x000000074e000000|  0%| F|  |TAMS 0x000000074de00000, 0x000000074de00000| Untracked 
|  78|0x000000074e000000, 0x000000074e193b88, 0x000000074e200000| 78%| E|  |TAMS 0x000000074e000000, 0x000000074e000000| Complete 
|  79|0x000000074e200000, 0x000000074e400000, 0x000000074e400000|100%| E|CS|TAMS 0x000000074e200000, 0x000000074e200000| Complete 
|  80|0x000000074e400000, 0x000000074e5cfd90, 0x000000074e600000| 90%| S|CS|TAMS 0x000000074e400000, 0x000000074e400000| Complete 
|  81|0x000000074e600000, 0x000000074e800000, 0x000000074e800000|100%| E|CS|TAMS 0x000000074e600000, 0x000000074e600000| Complete 
|  82|0x000000074e800000, 0x000000074ea00000, 0x000000074ea00000|100%| E|CS|TAMS 0x000000074e800000, 0x000000074e800000| Complete 
|  83|0x000000074ea00000, 0x000000074ec00000, 0x000000074ec00000|100%| E|CS|TAMS 0x000000074ea00000, 0x000000074ea00000| Complete 
|  84|0x000000074ec00000, 0x000000074ee00000, 0x000000074ee00000|100%| E|CS|TAMS 0x000000074ec00000, 0x000000074ec00000| Complete 
|  85|0x000000074ee00000, 0x000000074f000000, 0x000000074f000000|100%| E|CS|TAMS 0x000000074ee00000, 0x000000074ee00000| Complete 
|  86|0x000000074f000000, 0x000000074f200000, 0x000000074f200000|100%| E|CS|TAMS 0x000000074f000000, 0x000000074f000000| Complete 
|  87|0x000000074f200000, 0x000000074f400000, 0x000000074f400000|100%| E|CS|TAMS 0x000000074f200000, 0x000000074f200000| Complete 
|  88|0x000000074f400000, 0x000000074f600000, 0x000000074f600000|100%| E|CS|TAMS 0x000000074f400000, 0x000000074f400000| Complete 
|  89|0x000000074f600000, 0x000000074f800000, 0x000000074f800000|100%| E|CS|TAMS 0x000000074f600000, 0x000000074f600000| Complete 
|  90|0x000000074f800000, 0x000000074fa00000, 0x000000074fa00000|100%| E|CS|TAMS 0x000000074f800000, 0x000000074f800000| Complete 
|  91|0x000000074fa00000, 0x000000074fc00000, 0x000000074fc00000|100%| E|CS|TAMS 0x000000074fa00000, 0x000000074fa00000| Complete 
|  92|0x000000074fc00000, 0x000000074fe00000, 0x000000074fe00000|100%| E|CS|TAMS 0x000000074fc00000, 0x000000074fc00000| Complete 
|  93|0x000000074fe00000, 0x0000000750000000, 0x0000000750000000|100%| E|CS|TAMS 0x000000074fe00000, 0x000000074fe00000| Complete 

Card table byte_map: [0x000001fddf5f0000,0x000001fddfbd0000] _byte_map_base: 0x000001fddbbce000

Marking Bits (Prev, Next): (CMBitMap*) 0x000001fdc6578b60, (CMBitMap*) 0x000001fdc6578ba0
 Prev Bits: [0x000001fde01b0000, 0x000001fde30a0000)
 Next Bits: [0x000001fde30a0000, 0x000001fde5f90000)

Polling page: 0x000001fdc65d0000

Metaspace:

Usage:
  Non-class:     15.11 MB used.
      Class:      2.20 MB used.
       Both:     17.31 MB used.

Virtual space:
  Non-class space:       64.00 MB reserved,      15.19 MB ( 24%) committed,  1 nodes.
      Class space:        1.00 GB reserved,       2.31 MB ( <1%) committed,  1 nodes.
             Both:        1.06 GB reserved,      17.50 MB (  2%) committed. 

Chunk freelists:
   Non-Class:  768.00 KB
       Class:  13.66 MB
        Both:  14.41 MB

MaxMetaspaceSize: unlimited
CompressedClassSpaceSize: 1.00 GB
Initial GC threshold: 21.00 MB
Current GC threshold: 21.00 MB
CDS: on
MetaspaceReclaimPolicy: balanced
 - commit_granule_bytes: 65536.
 - commit_granule_words: 8192.
 - virtual_space_node_default_size: 8388608.
 - enlarge_chunks_in_place: 1.
 - new_chunks_are_fully_committed: 0.
 - uncommit_free_chunks: 1.
 - use_allocation_guard: 0.
 - handle_deallocations: 1.


Internal statistics:

num_allocs_failed_limit: 0.
num_arena_births: 194.
num_arena_deaths: 0.
num_vsnodes_births: 2.
num_vsnodes_deaths: 0.
num_space_committed: 280.
num_space_uncommitted: 0.
num_chunks_returned_to_freelist: 0.
num_chunks_taken_from_freelist: 778.
num_chunk_merges: 0.
num_chunk_splits: 552.
num_chunks_enlarged: 444.
num_inconsistent_stats: 0.

CodeHeap 'non-profiled nmethods': size=120000Kb used=871Kb max_used=871Kb free=119129Kb
 bounds [0x000001fdd7060000, 0x000001fdd72d0000, 0x000001fdde590000]
CodeHeap 'profiled nmethods': size=120000Kb used=4018Kb max_used=4018Kb free=115981Kb
 bounds [0x000001fdcf590000, 0x000001fdcf980000, 0x000001fdd6ac0000]
CodeHeap 'non-nmethods': size=5760Kb used=1242Kb max_used=1261Kb free=4517Kb
 bounds [0x000001fdd6ac0000, 0x000001fdd6d30000, 0x000001fdd7060000]
 total_blobs=2584 nmethods=2084 adapters=410
 compilation: enabled
              stopped_count=0, restarted_count=0
 full_count=0

Compilation events (20 events):
Event: 1.360 Thread 0x000001fde8a397c0 2070       3       java.lang.invoke.DirectMethodHandle$Holder::invokeStatic (14 bytes)
Event: 1.360 Thread 0x000001fde8a397c0 nmethod 2070 0x000001fdcf96eb90 code [0x000001fdcf96ed60, 0x000001fdcf96f1d8]
Event: 1.363 Thread 0x000001fde8a397c0 2071       3       java.lang.invoke.LambdaForm$MH/0x000001fd81018000::invoke (27 bytes)
Event: 1.364 Thread 0x000001fde8a397c0 nmethod 2071 0x000001fdcf96f310 code [0x000001fdcf96f4e0, 0x000001fdcf96f978]
Event: 1.364 Thread 0x000001fde8a397c0 2072       3       java.lang.StringConcatHelper::newArrayWithSuffix (40 bytes)
Event: 1.365 Thread 0x000001fde8a38e00 nmethod 2054% 0x000001fdd7137290 code [0x000001fdd7137480, 0x000001fdd71380e8]
Event: 1.365 Thread 0x000001fde8a397c0 nmethod 2072 0x000001fdcf96fa90 code [0x000001fdcf96fc80, 0x000001fdcf970148]
Event: 1.365 Thread 0x000001fde8a38e00 2053 %     4       java.util.Properties::loadConvert @ 8 (540 bytes)
Event: 1.371 Thread 0x000001fde8a397c0 2073       3       java.lang.invoke.LambdaForm$MH/0x000001fd81018c00::invoke (94 bytes)
Event: 1.372 Thread 0x000001fde8a397c0 nmethod 2073 0x000001fdcf970310 code [0x000001fdcf970540, 0x000001fdcf971218]
Event: 1.375 Thread 0x000001fde8a397c0 2074  s    3       java.lang.Throwable::fillInStackTrace (29 bytes)
Event: 1.376 Thread 0x000001fde8a397c0 nmethod 2074 0x000001fdcf971510 code [0x000001fdcf9716c0, 0x000001fdcf9719c8]
Event: 1.376 Thread 0x000001fde8a397c0 2076       3       java.lang.invoke.LambdaForm$MH/0x000001fd81085800::invoke (148 bytes)
Event: 1.376 Thread 0x000001fde8a397c0 nmethod 2076 0x000001fdcf971a90 code [0x000001fdcf971d00, 0x000001fdcf972ee8]
Event: 1.380 Thread 0x000001fde8a38e00 nmethod 2053% 0x000001fdd7138e90 code [0x000001fdd7139040, 0x000001fdd7139838]
Event: 1.381 Thread 0x000001fde8a38e00 2049   !   4       jdk.internal.loader.URLClassPath$JarLoader::getResource (354 bytes)
Event: 1.406 Thread 0x000001fde8a397c0 2078       3       java.lang.StringBuilder::<init> (6 bytes)
Event: 1.407 Thread 0x000001fde8a397c0 nmethod 2078 0x000001fdcf973390 code [0x000001fdcf973520, 0x000001fdcf973668]
Event: 1.407 Thread 0x000001fde8a397c0 2080       3       java.lang.NamedPackage::<init> (59 bytes)
Event: 1.408 Thread 0x000001fde8a397c0 nmethod 2080 0x000001fdcf973710 code [0x000001fdcf9739a0, 0x000001fdcf9744b8]

GC Heap History (4 events):
Event: 0.565 GC heap before
{Heap before GC invocations=0 (full 0):
 garbage-first heap   total 192512K, used 20480K [0x0000000744400000, 0x0000000800000000)
  region size 2048K, 11 young (22528K), 0 survivors (0K)
 Metaspace       used 5742K, committed 5888K, reserved 1114112K
  class space    used 684K, committed 768K, reserved 1048576K
}
Event: 0.570 GC heap after
{Heap after GC invocations=1 (full 0):
 garbage-first heap   total 192512K, used 6967K [0x0000000744400000, 0x0000000800000000)
  region size 2048K, 2 young (4096K), 2 survivors (4096K)
 Metaspace       used 5742K, committed 5888K, reserved 1114112K
  class space    used 684K, committed 768K, reserved 1048576K
}
Event: 0.959 GC heap before
{Heap before GC invocations=1 (full 0):
 garbage-first heap   total 192512K, used 27447K [0x0000000744400000, 0x0000000800000000)
  region size 2048K, 13 young (26624K), 2 survivors (4096K)
 Metaspace       used 10962K, committed 11200K, reserved 1114112K
  class space    used 1470K, committed 1600K, reserved 1048576K
}
Event: 0.966 GC heap after
{Heap after GC invocations=2 (full 0):
 garbage-first heap   total 192512K, used 8998K [0x0000000744400000, 0x0000000800000000)
  region size 2048K, 1 young (2048K), 1 survivors (2048K)
 Metaspace       used 10962K, committed 11200K, reserved 1114112K
  class space    used 1470K, committed 1600K, reserved 1048576K
}

Deoptimization events (20 events):
Event: 1.231 Thread 0x000001fdc633e550 Uncommon trap: trap_request=0xffffffc6 fr.pc=0x000001fdd7117bdc relative=0x000000000000085c
Event: 1.231 Thread 0x000001fdc633e550 Uncommon trap: reason=bimorphic_or_optimized_type_check action=maybe_recompile pc=0x000001fdd7117bdc method=java.util.HashMap.putVal(ILjava/lang/Object;Ljava/lang/Object;ZZ)Ljava/lang/Object; @ 203 c2
Event: 1.231 Thread 0x000001fdc633e550 DEOPT PACKING pc=0x000001fdd7117bdc sp=0x00000083697fe730
Event: 1.231 Thread 0x000001fdc633e550 DEOPT UNPACKING pc=0x000001fdd6b15ba3 sp=0x00000083697fe640 mode 2
Event: 1.243 Thread 0x000001fdede81920 Uncommon trap: trap_request=0xffffff45 fr.pc=0x000001fdd706ddf0 relative=0x0000000000000450
Event: 1.243 Thread 0x000001fdede81920 Uncommon trap: reason=unstable_if action=reinterpret pc=0x000001fdd706ddf0 method=java.lang.StringLatin1.canEncode(I)Z @ 4 c2
Event: 1.243 Thread 0x000001fdede81920 DEOPT PACKING pc=0x000001fdd706ddf0 sp=0x000000836affde60
Event: 1.243 Thread 0x000001fdede81920 DEOPT UNPACKING pc=0x000001fdd6b15ba3 sp=0x000000836affdd88 mode 2
Event: 1.243 Thread 0x000001fdede81920 Uncommon trap: trap_request=0xffffff45 fr.pc=0x000001fdd706e7d0 relative=0x0000000000000430
Event: 1.243 Thread 0x000001fdede81920 Uncommon trap: reason=unstable_if action=reinterpret pc=0x000001fdd706e7d0 method=java.lang.AbstractStringBuilder.isLatin1()Z @ 10 c2
Event: 1.243 Thread 0x000001fdede81920 DEOPT PACKING pc=0x000001fdd706e7d0 sp=0x000000836affde80
Event: 1.243 Thread 0x000001fdede81920 DEOPT UNPACKING pc=0x000001fdd6b15ba3 sp=0x000000836affde00 mode 2
Event: 1.243 Thread 0x000001fdede81920 Uncommon trap: trap_request=0xffffff45 fr.pc=0x000001fdd70c845c relative=0x000000000000005c
Event: 1.243 Thread 0x000001fdede81920 Uncommon trap: reason=unstable_if action=reinterpret pc=0x000001fdd70c845c method=java.lang.AbstractStringBuilder.isLatin1()Z @ 10 c2
Event: 1.243 Thread 0x000001fdede81920 DEOPT PACKING pc=0x000001fdd70c845c sp=0x000000836affde60
Event: 1.243 Thread 0x000001fdede81920 DEOPT UNPACKING pc=0x000001fdd6b15ba3 sp=0x000000836affddf0 mode 2
Event: 1.250 Thread 0x000001fdede81920 Uncommon trap: trap_request=0xffffff45 fr.pc=0x000001fdd70b2bc8 relative=0x0000000000000048
Event: 1.250 Thread 0x000001fdede81920 Uncommon trap: reason=unstable_if action=reinterpret pc=0x000001fdd70b2bc8 method=java.lang.CharacterData.of(I)Ljava/lang/CharacterData; @ 4 c2
Event: 1.250 Thread 0x000001fdede81920 DEOPT PACKING pc=0x000001fdd70b2bc8 sp=0x000000836affd5e0
Event: 1.250 Thread 0x000001fdede81920 DEOPT UNPACKING pc=0x000001fdd6b15ba3 sp=0x000000836affd578 mode 2

Classes unloaded (0 events):
No events

Classes redefined (0 events):
No events

Internal exceptions (20 events):
Event: 0.637 Thread 0x000001fdc633e550 Exception <a 'java/lang/NoSuchMethodError'{0x000000074fd0abc0}: 'int java.lang.invoke.DirectMethodHandle$Holder.invokeInterface(java.lang.Object, java.lang.Object)'> (0x000000074fd0abc0) 
thrown [s\open\src\hotspot\share\interpreter\linkResolver.cpp, line 759]
Event: 0.642 Thread 0x000001fdc633e550 Exception <a 'java/lang/NoSuchMethodError'{0x000000074fd32518}: 'void java.lang.invoke.DirectMethodHandle$Holder.invokeSpecial(java.lang.Object, java.lang.Object, java.lang.Object, java.lang.Object, java.lang.Object)'> (0x000000074fd32518) 
thrown [s\open\src\hotspot\share\interpreter\linkResolver.cpp, line 759]
Event: 0.675 Thread 0x000001fdc633e550 Exception <a 'java/lang/NoSuchMethodError'{0x000000074fa12f50}: 'java.lang.Object java.lang.invoke.DirectMethodHandle$Holder.invokeSpecial(java.lang.Object, java.lang.Object, java.lang.Object, int, java.lang.Object)'> (0x000000074fa12f50) 
thrown [s\open\src\hotspot\share\interpreter\linkResolver.cpp, line 759]
Event: 0.675 Thread 0x000001fdc633e550 Exception <a 'java/lang/NoSuchMethodError'{0x000000074fa1b5b0}: 'java.lang.Object java.lang.invoke.DirectMethodHandle$Holder.newInvokeSpecial(java.lang.Object, java.lang.Object, java.lang.Object, int, java.lang.Object)'> (0x000000074fa1b5b0) 
thrown [s\open\src\hotspot\share\interpreter\linkResolver.cpp, line 759]
Event: 0.676 Thread 0x000001fdc633e550 Exception <a 'java/lang/NoSuchMethodError'{0x000000074fa22f80}: 'java.lang.Object java.lang.invoke.Invokers$Holder.linkToTargetMethod(java.lang.Object, java.lang.Object, int, java.lang.Object, java.lang.Object)'> (0x000000074fa22f80) 
thrown [s\open\src\hotspot\share\interpreter\linkResolver.cpp, line 759]
Event: 0.676 Thread 0x000001fdc633e550 Exception <a 'java/lang/NoSuchMethodError'{0x000000074fa31d20}: 'java.lang.Object java.lang.invoke.DirectMethodHandle$Holder.newInvokeSpecial(java.lang.Object, int, java.lang.Object)'> (0x000000074fa31d20) 
thrown [s\open\src\hotspot\share\interpreter\linkResolver.cpp, line 759]
Event: 0.677 Thread 0x000001fdc633e550 Exception <a 'java/lang/NoSuchMethodError'{0x000000074fa36a00}: 'int java.lang.invoke.DirectMethodHandle$Holder.invokeSpecialIFC(java.lang.Object, java.lang.Object, java.lang.Object, java.lang.Object)'> (0x000000074fa36a00) 
thrown [s\open\src\hotspot\share\interpreter\linkResolver.cpp, line 759]
Event: 0.697 Thread 0x000001fdc633e550 Exception <a 'java/lang/NoSuchMethodError'{0x000000074fb23868}: 'void java.lang.invoke.DirectMethodHandle$Holder.invokeInterface(java.lang.Object, java.lang.Object, java.lang.Object)'> (0x000000074fb23868) 
thrown [s\open\src\hotspot\share\interpreter\linkResolver.cpp, line 759]
Event: 0.720 Thread 0x000001fdc633e550 Exception <a 'java/lang/NoSuchMethodError'{0x000000074fbac968}: 'void java.lang.invoke.DirectMethodHandle$Holder.invokeStaticInit(java.lang.Object, java.lang.Object, java.lang.Object)'> (0x000000074fbac968) 
thrown [s\open\src\hotspot\share\interpreter\linkResolver.cpp, line 759]
Event: 0.728 Thread 0x000001fdc633e550 Exception <a 'java/lang/NoSuchMethodError'{0x000000074fbf6168}: 'java.lang.Object java.lang.invoke.DirectMethodHandle$Holder.invokeVirtual(java.lang.Object, java.lang.Object, java.lang.Object)'> (0x000000074fbf6168) 
thrown [s\open\src\hotspot\share\interpreter\linkResolver.cpp, line 759]
Event: 0.738 Thread 0x000001fdc633e550 Exception <a 'java/lang/NoSuchMethodError'{0x000000074f8176e0}: 'java.lang.Object java.lang.invoke.DirectMethodHandle$Holder.invokeStatic(java.lang.Object, java.lang.Object, long, java.lang.Object)'> (0x000000074f8176e0) 
thrown [s\open\src\hotspot\share\interpreter\linkResolver.cpp, line 759]
Event: 0.738 Thread 0x000001fdc633e550 Exception <a 'java/lang/NoSuchMethodError'{0x000000074f81b178}: 'java.lang.Object java.lang.invoke.DirectMethodHandle$Holder.invokeStaticInit(java.lang.Object, java.lang.Object, long, java.lang.Object)'> (0x000000074f81b178) 
thrown [s\open\src\hotspot\share\interpreter\linkResolver.cpp, line 759]
Event: 0.738 Thread 0x000001fdc633e550 Exception <a 'java/lang/NoSuchMethodError'{0x000000074f8218f8}: 'java.lang.Object java.lang.invoke.DirectMethodHandle$Holder.newInvokeSpecial(java.lang.Object, java.lang.Object, long)'> (0x000000074f8218f8) 
thrown [s\open\src\hotspot\share\interpreter\linkResolver.cpp, line 759]
Event: 0.738 Thread 0x000001fdc633e550 Exception <a 'java/lang/NoSuchMethodError'{0x000000074f825468}: 'java.lang.Object java.lang.invoke.Invokers$Holder.linkToTargetMethod(java.lang.Object, long, java.lang.Object)'> (0x000000074f825468) 
thrown [s\open\src\hotspot\share\interpreter\linkResolver.cpp, line 759]
Event: 0.755 Thread 0x000001fdc633e550 Exception <a 'java/lang/NoSuchMethodError'{0x000000074f886480}: 'void java.lang.invoke.DirectMethodHandle$Holder.invokeVirtual(java.lang.Object, java.lang.Object, java.lang.Object, java.lang.Object)'> (0x000000074f886480) 
thrown [s\open\src\hotspot\share\interpreter\linkResolver.cpp, line 759]
Event: 0.785 Thread 0x000001fdc633e550 Exception <a 'java/lang/NoSuchMethodError'{0x000000074f9e5ec0}: 'void java.lang.invoke.DirectMethodHandle$Holder.invokeSpecial(java.lang.Object, java.lang.Object, java.lang.Object)'> (0x000000074f9e5ec0) 
thrown [s\open\src\hotspot\share\interpreter\linkResolver.cpp, line 759]
Event: 0.790 Thread 0x000001fdc633e550 Exception <a 'java/lang/IncompatibleClassChangeError'{0x000000074f618368}: Found class java.lang.Object, but interface was expected> (0x000000074f618368) 
thrown [s\open\src\hotspot\share\interpreter\linkResolver.cpp, line 826]
Event: 1.103 Thread 0x000001fdc633e550 Exception <a 'sun/nio/fs/WindowsException'{0x000000074f6114e8}> (0x000000074f6114e8) 
thrown [s\open\src\hotspot\share\prims\jni.cpp, line 516]
Event: 1.104 Thread 0x000001fdc633e550 Exception <a 'java/lang/NoSuchMethodError'{0x000000074f612df8}: 'int java.lang.invoke.DirectMethodHandle$Holder.invokeSpecial(java.lang.Object, java.lang.Object, java.lang.Object, java.lang.Object, java.lang.Object)'> (0x000000074f612df8) 
thrown [s\open\src\hotspot\share\interpreter\linkResolver.cpp, line 759]
Event: 1.106 Thread 0x000001fdc633e550 Exception <a 'java/lang/NoSuchMethodError'{0x000000074f61bb80}: 'void java.lang.invoke.DirectMethodHandle$Holder.invokeVirtual(java.lang.Object, java.lang.Object)'> (0x000000074f61bb80) 
thrown [s\open\src\hotspot\share\interpreter\linkResolver.cpp, line 759]

VM Operations (20 events):
Event: 0.475 Executing VM operation: HandshakeAllThreads
Event: 0.475 Executing VM operation: HandshakeAllThreads done
Event: 0.565 Executing VM operation: G1CollectForAllocation
Event: 0.570 Executing VM operation: G1CollectForAllocation done
Event: 0.656 Executing VM operation: HandshakeAllThreads
Event: 0.656 Executing VM operation: HandshakeAllThreads done
Event: 0.783 Executing VM operation: HandshakeAllThreads
Event: 0.783 Executing VM operation: HandshakeAllThreads done
Event: 0.918 Executing VM operation: ICBufferFull
Event: 0.918 Executing VM operation: ICBufferFull done
Event: 0.959 Executing VM operation: G1CollectForAllocation
Event: 0.966 Executing VM operation: G1CollectForAllocation done
Event: 1.002 Executing VM operation: HandshakeAllThreads
Event: 1.002 Executing VM operation: HandshakeAllThreads done
Event: 1.069 Executing VM operation: HandshakeAllThreads
Event: 1.069 Executing VM operation: HandshakeAllThreads done
Event: 1.205 Executing VM operation: HandshakeAllThreads
Event: 1.206 Executing VM operation: HandshakeAllThreads done
Event: 1.251 Executing VM operation: HandshakeAllThreads
Event: 1.251 Executing VM operation: HandshakeAllThreads done

Events (20 events):
Event: 1.186 loading class java/util/concurrent/atomic/AtomicLongArray
Event: 1.186 loading class java/util/concurrent/atomic/AtomicLongArray done
Event: 1.186 loading class java/lang/invoke/VarHandleLongs$Array
Event: 1.187 loading class java/lang/invoke/VarHandleLongs$Array done
Event: 1.187 loading class java/util/concurrent/atomic/AtomicReferenceArray
Event: 1.187 loading class java/util/concurrent/atomic/AtomicReferenceArray done
Event: 1.205 loading class jdk/internal/module/ModulePatcher$PatchedModuleReader
Event: 1.205 loading class jdk/internal/module/ModulePatcher$PatchedModuleReader done
Event: 1.241 loading class sun/text/resources/cldr/FormatData_en
Event: 1.242 loading class sun/text/resources/cldr/FormatData_en done
Event: 1.242 loading class sun/text/resources/cldr/FormatData_en_US
Event: 1.242 loading class sun/text/resources/cldr/FormatData_en_US done
Event: 1.271 loading class java/io/CharArrayReader
Event: 1.271 loading class java/io/CharArrayReader done
Event: 1.323 Thread 0x000001fdee3c3040 Thread added: 0x000001fdee3c3040
Event: 1.342 loading class javax/naming/ldap/LdapContext
Event: 1.342 loading class javax/naming/directory/DirContext
Event: 1.342 loading class javax/naming/directory/DirContext done
Event: 1.342 loading class javax/naming/ldap/LdapContext done
Event: 1.389 Thread 0x000001fdee3c3040 Thread exited: 0x000001fdee3c3040


Dynamic libraries:
0x00007ff68bbb0000 - 0x00007ff68bbc0000 	C:\Program Files\Java\jdk-17\bin\java.exe
0x00007ff8bcb90000 - 0x00007ff8bcda7000 	C:\WINDOWS\SYSTEM32\ntdll.dll
0x00007ff8bc3c0000 - 0x00007ff8bc484000 	C:\WINDOWS\System32\KERNEL32.DLL
0x00007ff8ba160000 - 0x00007ff8ba50d000 	C:\WINDOWS\System32\KERNELBASE.dll
0x00007ff8ba040000 - 0x00007ff8ba151000 	C:\WINDOWS\System32\ucrtbase.dll
0x00007ff89f6a0000 - 0x00007ff89f6b9000 	C:\Program Files\Java\jdk-17\bin\jli.dll
0x00007ff89f680000 - 0x00007ff89f69b000 	C:\Program Files\Java\jdk-17\bin\VCRUNTIME140.dll
0x00007ff8bbb90000 - 0x00007ff8bbc42000 	C:\WINDOWS\System32\ADVAPI32.dll
0x00007ff8bbcb0000 - 0x00007ff8bbd57000 	C:\WINDOWS\System32\msvcrt.dll
0x00007ff8bc310000 - 0x00007ff8bc3b9000 	C:\WINDOWS\System32\sechost.dll
0x00007ff8b9ec0000 - 0x00007ff8b9ee8000 	C:\WINDOWS\System32\bcrypt.dll
0x00007ff8bb970000 - 0x00007ff8bba84000 	C:\WINDOWS\System32\RPCRT4.dll
0x00007ff8baba0000 - 0x00007ff8bad4e000 	C:\WINDOWS\System32\USER32.dll
0x00007ff8b9ef0000 - 0x00007ff8b9f16000 	C:\WINDOWS\System32\win32u.dll
0x00007ff89d000000 - 0x00007ff89d293000 	C:\WINDOWS\WinSxS\amd64_microsoft.windows.common-controls_6595b64144ccf1df_6.0.22621.3672_none_2713b9d173822955\COMCTL32.dll
0x00007ff8bab50000 - 0x00007ff8bab79000 	C:\WINDOWS\System32\GDI32.dll
0x00007ff8b9f20000 - 0x00007ff8ba039000 	C:\WINDOWS\System32\gdi32full.dll
0x00007ff8ba830000 - 0x00007ff8ba8ca000 	C:\WINDOWS\System32\msvcp_win.dll
0x00007ff89be90000 - 0x00007ff89be9a000 	C:\WINDOWS\SYSTEM32\VERSION.dll
0x00007ff8bbe40000 - 0x00007ff8bbe71000 	C:\WINDOWS\System32\IMM32.DLL
0x00007ff8b6390000 - 0x00007ff8b639c000 	C:\Program Files\Java\jdk-17\bin\vcruntime140_1.dll
0x00007ff89c420000 - 0x00007ff89c4ae000 	C:\Program Files\Java\jdk-17\bin\msvcp140.dll
0x00007ff805c50000 - 0x00007ff806830000 	C:\Program Files\Java\jdk-17\bin\server\jvm.dll
0x00007ff8bc300000 - 0x00007ff8bc308000 	C:\WINDOWS\System32\PSAPI.DLL
0x00007ff88d0e0000 - 0x00007ff88d0e9000 	C:\WINDOWS\SYSTEM32\WSOCK32.dll
0x00007ff8b3a50000 - 0x00007ff8b3a84000 	C:\WINDOWS\SYSTEM32\WINMM.dll
0x00007ff8baad0000 - 0x00007ff8bab41000 	C:\WINDOWS\System32\WS2_32.dll
0x00007ff8b8fa0000 - 0x00007ff8b8fb8000 	C:\WINDOWS\SYSTEM32\kernel.appcore.dll
0x00007ff8b5f50000 - 0x00007ff8b5f5a000 	C:\Program Files\Java\jdk-17\bin\jimage.dll
0x00007ff8b7150000 - 0x00007ff8b7382000 	C:\WINDOWS\SYSTEM32\DBGHELP.DLL
0x00007ff8bc5f0000 - 0x00007ff8bc978000 	C:\WINDOWS\System32\combase.dll
0x00007ff8bbd60000 - 0x00007ff8bbe37000 	C:\WINDOWS\System32\OLEAUT32.dll
0x00007ff882140000 - 0x00007ff882172000 	C:\WINDOWS\SYSTEM32\dbgcore.DLL
0x00007ff8ba580000 - 0x00007ff8ba5fb000 	C:\WINDOWS\System32\bcryptPrimitives.dll
0x00007ff886c60000 - 0x00007ff886c85000 	C:\Program Files\Java\jdk-17\bin\java.dll
0x00007ff86ef30000 - 0x00007ff86f007000 	C:\Program Files\Java\jdk-17\bin\jsvml.dll
0x00007ff8bad50000 - 0x00007ff8bb5af000 	C:\WINDOWS\System32\SHELL32.dll
0x00007ff8b7dd0000 - 0x00007ff8b86cc000 	C:\WINDOWS\SYSTEM32\windows.storage.dll
0x00007ff8b7c90000 - 0x00007ff8b7dcf000 	C:\WINDOWS\SYSTEM32\wintypes.dll
0x00007ff8bc4f0000 - 0x00007ff8bc5e4000 	C:\WINDOWS\System32\SHCORE.dll
0x00007ff8bbc50000 - 0x00007ff8bbcae000 	C:\WINDOWS\System32\shlwapi.dll
0x00007ff8b9df0000 - 0x00007ff8b9e11000 	C:\WINDOWS\SYSTEM32\profapi.dll
0x00007ff88a940000 - 0x00007ff88a959000 	C:\Program Files\Java\jdk-17\bin\net.dll
0x00007ff8b63e0000 - 0x00007ff8b6516000 	C:\WINDOWS\SYSTEM32\WINHTTP.dll
0x00007ff8b9410000 - 0x00007ff8b9479000 	C:\WINDOWS\system32\mswsock.dll
0x00007ff88a460000 - 0x00007ff88a476000 	C:\Program Files\Java\jdk-17\bin\nio.dll
0x00007ff886c40000 - 0x00007ff886c58000 	C:\Program Files\Java\jdk-17\bin\zip.dll

dbghelp: loaded successfully - version: 4.0.5 - missing functions: none
symbol engine: initialized successfully - sym options: 0x614 - pdb path: .;C:\Program Files\Java\jdk-17\bin;C:\WINDOWS\SYSTEM32;C:\WINDOWS\WinSxS\amd64_microsoft.windows.common-controls_6595b64144ccf1df_6.0.22621.3672_none_2713b9d173822955;C:\Program Files\Java\jdk-17\bin\server

VM Arguments:
jvm_args: -XX:+ShowCodeDetailsInExceptionMessages 
java_command: com.example.bloomgift.BloomgiftApplication
java_class_path (initial): D:\trinh-do\BloomGift\bloomgift(test)\bloomgift\target\classes;C:\Users\DELL\.m2\repository\org\springframework\boot\spring-boot-starter-data-jpa\3.3.2\spring-boot-starter-data-jpa-3.3.2.jar;C:\Users\DELL\.m2\repository\org\springframework\boot\spring-boot-starter-aop\3.3.2\spring-boot-starter-aop-3.3.2.jar;C:\Users\DELL\.m2\repository\org\aspectj\aspectjweaver\1.9.22.1\aspectjweaver-1.9.22.1.jar;C:\Users\DELL\.m2\repository\org\springframework\boot\spring-boot-starter-jdbc\3.3.2\spring-boot-starter-jdbc-3.3.2.jar;C:\Users\DELL\.m2\repository\com\zaxxer\HikariCP\5.1.0\HikariCP-5.1.0.jar;C:\Users\DELL\.m2\repository\org\springframework\spring-jdbc\6.1.11\spring-jdbc-6.1.11.jar;C:\Users\DELL\.m2\repository\org\hibernate\orm\hibernate-core\6.5.2.Final\hibernate-core-6.5.2.Final.jar;C:\Users\DELL\.m2\repository\jakarta\persistence\jakarta.persistence-api\3.1.0\jakarta.persistence-api-3.1.0.jar;C:\Users\DELL\.m2\repository\jakarta\transaction\jakarta.transaction-api\2.0.1\jakarta.transaction-api-2.0.1.jar;C:\Users\DELL\.m2\repository\org\jboss\logging\jboss-logging\3.5.3.Final\jboss-logging-3.5.3.Final.jar;C:\Users\DELL\.m2\repository\org\hibernate\common\hibernate-commons-annotations\6.0.6.Final\hibernate-commons-annotations-6.0.6.Final.jar;C:\Users\DELL\.m2\repository\io\smallrye\jandex\3.1.2\jandex-3.1.2.jar;C:\Users\DELL\.m2\repository\com\fasterxml\classmate\1.7.0\classmate-1.7.0.jar;C:\Users\DELL\.m2\repository\net\bytebuddy\byte-buddy\1.14.18\byte-buddy-1.14.18.jar;C:\Users\DELL\.m2\repository\org\glassfish\jaxb\jaxb-runtime\4.0.5\jaxb-runtime-4.0.5.jar;C:\Users\DELL\.m2\repository\org\glassfish\jaxb\jaxb-core\4.0.5\jaxb-core-4.0.5.jar;C:\Users\DELL\.m2\repository\org\glassfish\jaxb\txw2\4.0.5\txw2-4.0.5.jar;C:\Users\DELL\.m2\repository\com\sun\istack\istack-commons-runtime\4.1.2\istack-commons-runtime-4.1.2.jar;C:\Users\DELL\.m2\repository\jakarta\inject\jakarta.inject-api\2.0.1\jakarta.inject-api-2.0.1.jar;C:\Users\DELL\.m2\repositor
Launcher Type: SUN_STANDARD

[Global flags]
     intx CICompilerCount                          = 4                                         {product} {ergonomic}
     uint ConcGCThreads                            = 2                                         {product} {ergonomic}
     uint G1ConcRefinementThreads                  = 8                                         {product} {ergonomic}
   size_t G1HeapRegionSize                         = 2097152                                   {product} {ergonomic}
    uintx GCDrainStackTargetSize                   = 64                                        {product} {ergonomic}
   size_t InitialHeapSize                          = 197132288                                 {product} {ergonomic}
   size_t MarkStackSize                            = 4194304                                   {product} {ergonomic}
   size_t MaxHeapSize                              = 3149922304                                {product} {ergonomic}
   size_t MaxNewSize                               = 1889533952                                {product} {ergonomic}
   size_t MinHeapDeltaBytes                        = 2097152                                   {product} {ergonomic}
   size_t MinHeapSize                              = 8388608                                   {product} {ergonomic}
    uintx NonNMethodCodeHeapSize                   = 5839372                                {pd product} {ergonomic}
    uintx NonProfiledCodeHeapSize                  = 122909434                              {pd product} {ergonomic}
    uintx ProfiledCodeHeapSize                     = 122909434                              {pd product} {ergonomic}
    uintx ReservedCodeCacheSize                    = 251658240                              {pd product} {ergonomic}
     bool SegmentedCodeCache                       = true                                      {product} {ergonomic}
     bool ShowCodeDetailsInExceptionMessages       = true                                   {manageable} {command line}
   size_t SoftMaxHeapSize                          = 3149922304                             {manageable} {ergonomic}
     bool UseCompressedClassPointers               = true                           {product lp64_product} {ergonomic}
     bool UseCompressedOops                        = true                           {product lp64_product} {ergonomic}
     bool UseG1GC                                  = true                                      {product} {ergonomic}
     bool UseLargePagesIndividualAllocation        = false                                  {pd product} {ergonomic}

Logging:
Log output configuration:
 #0: stdout all=warning uptime,level,tags
 #1: stderr all=off uptime,level,tags

Environment Variables:
JAVA_HOME=C:\Program Files\Java\jre1.8.0_321
PATH=C:\Program Files\Common Files\Oracle\Java\javapath;C:\Program Files (x86)\Common Files\Oracle\Java\java8path;C:\Program Files (x86)\Common Files\Oracle\Java\javapath;C:\Program Files\Python39\Scripts\;C:\Program Files\Python39\;C:\WINDOWS\system32;C:\WINDOWS;C:\WINDOWS\System32\Wbem;C:\WINDOWS\System32\WindowsPowerShell\v1.0\;C:\WINDOWS\System32\OpenSSH\;C:\TDM-GCC-64\bin;C:\Program Files\Java\jre1.8.0_321\bin;C:\Program Files\Microsoft SQL Server\Client SDK\ODBC\170\Tools\Binn\;C:\Program Files (x86)\Microsoft SQL Server\150\Tools\Binn\;C:\Program Files\Microsoft SQL Server\150\Tools\Binn\;C:\Program Files\Microsoft SQL Server\150\DTS\Binn\;C:\Program Files (x86)\Microsoft SQL Server\160\DTS\Binn\;C:\Program Files (x86)\Microsoft SQL Server\150\DTS\Binn\;C:\Program Files\Azure Data Studio\bin;C:\Program Files\TortoiseGit\bin;C:\Program Files\Git\cmd;C:\Program Files\dotnet\;C:\Users\DELL\AppData\Local\Microsoft\WindowsApps;C:\TDM-GCC-64\bin;C:\TDM-GCC-64\lib;C:\Program Files\JetBrains\IntelliJ IDEA 2022.1\bin;;C:\Program Files\Azure Data Studio\bin;C:\Program Files\Azure Data Studio\bin;C:\Program Files\Azure Data Studio\bin;C:\Users\DELL\.dotnet\tools;D:\Microsoft VS Code\bin
USERNAME=DELL
LANG=en_US.UTF-8
OS=Windows_NT
PROCESSOR_IDENTIFIER=Intel64 Family 6 Model 140 Stepping 1, GenuineIntel



---------------  S Y S T E M  ---------------

OS:
 Windows 11 , 64 bit Build 22621 (10.0.22621.3672)
OS uptime: 0 days 0:56 hours
Hyper-V role detected

CPU: total 8 (initial active 8) (4 cores per cpu, 2 threads per core) family 6 model 140 stepping 1 microcode 0xb4, cx8, cmov, fxsr, ht, mmx, 3dnowpref, sse, sse2, sse3, ssse3, sse4.1, sse4.2, popcnt, lzcnt, tsc, tscinvbit, avx, avx2, aes, erms, clmul, bmi1, bmi2, adx, avx512f, avx512dq, avx512cd, avx512bw, avx512vl, sha, fma, vzeroupper, avx512_vpopcntdq, avx512_vpclmulqdq, avx512_vaes, avx512_vnni, clflush, clflushopt, clwb, avx512_vbmi2, avx512_vbmi, hv

Memory: 4k page, system-wide physical 12010M (2232M free)
TotalPageFile size 12591M (AvailPageFile size 6M)
current process WorkingSet (physical memory assigned to process): 130M, peak: 135M
current process commit charge ("private bytes"): 327M, peak: 332M

vm_info: Java HotSpot(TM) 64-Bit Server VM (17.0.11+7-LTS-207) for windows-amd64 JRE (17.0.11+7-LTS-207), built on Mar 11 2024 19:01:50 by "mach5one" with MS VC++ 17.6 (VS2022)

END.
