#
# There is insufficient memory for the Java Runtime Environment to continue.
# Native memory allocation (malloc) failed to allocate 32744 bytes for ChunkPool::allocate
# Possible reasons:
#   The system is out of physical RAM or swap space
#   The process is running with CompressedOops enabled, and the Java Heap may be blocking the growth of the native heap
# Possible solutions:
#   Reduce memory load on the system
#   Increase physical memory or swap space
#   Check if swap backing store is full
#   Decrease Java heap size (-Xmx/-Xms)
#   Decrease number of Java threads
#   Decrease Java thread stack sizes (-Xss)
#   Set larger code cache with -XX:ReservedCodeCacheSize=
#   JVM is running with Zero Based Compressed Oops mode in which the Java heap is
#     placed in the first 32GB address space. The Java Heap base address is the
#     maximum limit for the native heap growth. Please use -XX:HeapBaseMinAddress
#     to set the Java Heap base and to place the Java Heap above 32GB virtual address.
# This output file may be truncated or incomplete.
#
#  Out of Memory Error (arena.cpp:78), pid=6964, tid=5276
#
# JRE version: Java(TM) SE Runtime Environment (17.0.11+7) (build 17.0.11+7-LTS-207)
# Java VM: Java HotSpot(TM) 64-Bit Server VM (17.0.11+7-LTS-207, mixed mode, sharing, tiered, compressed oops, compressed class ptrs, g1 gc, windows-amd64)
# No core dump will be written. Minidumps are not enabled by default on client versions of Windows
#

---------------  S U M M A R Y ------------

Command Line: -agentlib:jdwp=transport=dt_socket,server=n,suspend=y,address=localhost:57000 -XX:+ShowCodeDetailsInExceptionMessages com.example.bloomgift.BloomgiftApplication

Host: 11th Gen Intel(R) Core(TM) i5-1135G7 @ 2.40GHz, 8 cores, 11G,  Windows 11 , 64 bit Build 22621 (10.0.22621.3672)
Time: Sat Aug  3 09:42:27 2024 SE Asia Standard Time elapsed time: 4.449858 seconds (0d 0h 0m 4s)

---------------  T H R E A D  ---------------

Current thread (0x0000027fb9b6b700):  JavaThread "main" [_thread_in_vm, id=5276, stack(0x000000ed6d200000,0x000000ed6d300000)]

Stack: [0x000000ed6d200000,0x000000ed6d300000]
Native frames: (J=compiled Java code, j=interpreted, Vv=VM code, C=native code)
V  [jvm.dll+0x679cca]
V  [jvm.dll+0x7da13d]
V  [jvm.dll+0x7dba83]
V  [jvm.dll+0x7dc0f3]
V  [jvm.dll+0x2449af]
V  [jvm.dll+0xaba8c]
V  [jvm.dll+0xabe1c]
V  [jvm.dll+0x1e5fb7]
V  [jvm.dll+0x1e8c50]
V  [jvm.dll+0x1de3c1]
V  [jvm.dll+0x53f19c]
V  [jvm.dll+0x754fc8]
V  [jvm.dll+0x7550b4]
V  [jvm.dll+0x40cb9f]
V  [jvm.dll+0x413629]
C  [java.dll+0x17ec]

Java frames: (J=compiled Java code, j=interpreted, Vv=VM code)
J 751  java.lang.ClassLoader.defineClass1(Ljava/lang/ClassLoader;Ljava/lang/String;[BIILjava/security/ProtectionDomain;Ljava/lang/String;)Ljava/lang/Class; java.base@17.0.11 (0 bytes) @ 0x0000027fc8f2bd63 [0x0000027fc8f2bca0+0x00000000000000c3]
J 1049 c1 java.lang.ClassLoader.defineClass(Ljava/lang/String;[BIILjava/security/ProtectionDomain;)Ljava/lang/Class; java.base@17.0.11 (43 bytes) @ 0x0000027fc1601e8c [0x0000027fc1601b00+0x000000000000038c]
J 925 c1 java.security.SecureClassLoader.defineClass(Ljava/lang/String;[BIILjava/security/CodeSource;)Ljava/lang/Class; java.base@17.0.11 (16 bytes) @ 0x0000027fc15cde8c [0x0000027fc15cddc0+0x00000000000000cc]
J 849 c1 jdk.internal.loader.BuiltinClassLoader.defineClass(Ljava/lang/String;Ljdk/internal/loader/Resource;)Ljava/lang/Class; java.base@17.0.11 (121 bytes) @ 0x0000027fc159f0e4 [0x0000027fc159e120+0x0000000000000fc4]
J 701 c1 jdk.internal.loader.BuiltinClassLoader.findClassOnClassPathOrNull(Ljava/lang/String;)Ljava/lang/Class; java.base@17.0.11 (64 bytes) @ 0x0000027fc154ab44 [0x0000027fc1549a60+0x00000000000010e4]
J 2488 c2 jdk.internal.loader.BuiltinClassLoader.loadClassOrNull(Ljava/lang/String;Z)Ljava/lang/Class; java.base@17.0.11 (143 bytes) @ 0x0000027fc9050c8c [0x0000027fc90505a0+0x00000000000006ec]
J 640 c1 jdk.internal.loader.ClassLoaders$AppClassLoader.loadClass(Ljava/lang/String;Z)Ljava/lang/Class; java.base@17.0.11 (40 bytes) @ 0x0000027fc151fe04 [0x0000027fc151f7e0+0x0000000000000624]
J 639 c1 java.lang.ClassLoader.loadClass(Ljava/lang/String;)Ljava/lang/Class; java.base@17.0.11 (7 bytes) @ 0x0000027fc151f3dc [0x0000027fc151f2c0+0x000000000000011c]
v  ~StubRoutines::call_stub
j  org.hibernate.boot.registry.BootstrapServiceRegistryBuilder.<init>()V+16
j  org.hibernate.jpa.boot.internal.EntityManagerFactoryBuilderImpl.buildBootstrapServiceRegistry(Ljava/util/Map;Ljava/lang/ClassLoader;Lorg/hibernate/boot/registry/classloading/spi/ClassLoaderService;)Lorg/hibernate/boot/registry/BootstrapServiceRegistry;+4
j  org.hibernate.jpa.boot.internal.EntityManagerFactoryBuilderImpl.<init>(Lorg/hibernate/jpa/boot/spi/PersistenceUnitDescriptor;Ljava/util/Map;Ljava/lang/ClassLoader;Lorg/hibernate/boot/registry/classloading/spi/ClassLoaderService;Ljava/util/function/Consumer;)V+75
j  org.hibernate.jpa.boot.internal.EntityManagerFactoryBuilderImpl.<init>(Lorg/hibernate/jpa/boot/spi/PersistenceUnitDescriptor;Ljava/util/Map;)V+6
j  org.springframework.orm.jpa.vendor.SpringHibernateJpaPersistenceProvider.createContainerEntityManagerFactory(Ljakarta/persistence/spi/PersistenceUnitInfo;Ljava/util/Map;)Ljakarta/persistence/EntityManagerFactory;+56
j  org.springframework.orm.jpa.LocalContainerEntityManagerFactoryBean.createNativeEntityManagerFactory()Ljakarta/persistence/EntityManagerFactory;+111
j  org.springframework.orm.jpa.AbstractEntityManagerFactoryBean.buildNativeEntityManagerFactory()Ljakarta/persistence/EntityManagerFactory;+1
j  org.springframework.orm.jpa.AbstractEntityManagerFactoryBean.afterPropertiesSet()V+192
j  org.springframework.orm.jpa.LocalContainerEntityManagerFactoryBean.afterPropertiesSet()V+84
j  org.springframework.beans.factory.support.AbstractAutowireCapableBeanFactory.invokeInitMethods(Ljava/lang/String;Ljava/lang/Object;Lorg/springframework/beans/factory/support/RootBeanDefinition;)V+56
j  org.springframework.beans.factory.support.AbstractAutowireCapableBeanFactory.initializeBean(Ljava/lang/String;Ljava/lang/Object;Lorg/springframework/beans/factory/support/RootBeanDefinition;)Ljava/lang/Object;+34
j  org.springframework.beans.factory.support.AbstractAutowireCapableBeanFactory.doCreateBean(Ljava/lang/String;Lorg/springframework/beans/factory/support/RootBeanDefinition;[Ljava/lang/Object;)Ljava/lang/Object;+228
j  org.springframework.beans.factory.support.AbstractAutowireCapableBeanFactory.createBean(Ljava/lang/String;Lorg/springframework/beans/factory/support/RootBeanDefinition;[Ljava/lang/Object;)Ljava/lang/Object;+153
j  org.springframework.beans.factory.support.AbstractBeanFactory.lambda$doGetBean$0(Ljava/lang/String;Lorg/springframework/beans/factory/support/RootBeanDefinition;[Ljava/lang/Object;)Ljava/lang/Object;+4
j  org.springframework.beans.factory.support.AbstractBeanFactory$$Lambda$245+0x0000027fdc1a32c8.getObject()Ljava/lang/Object;+16
j  org.springframework.beans.factory.support.DefaultSingletonBeanRegistry.getSingleton(Ljava/lang/String;Lorg/springframework/beans/factory/ObjectFactory;)Ljava/lang/Object;+114
J 2612 c1 org.springframework.beans.factory.support.AbstractBeanFactory.doGetBean(Ljava/lang/String;Ljava/lang/Class;[Ljava/lang/Object;Z)Ljava/lang/Object; (787 bytes) @ 0x0000027fc1973c04 [0x0000027fc1971880+0x0000000000002384]
j  org.springframework.beans.factory.support.AbstractBeanFactory.getBean(Ljava/lang/String;)Ljava/lang/Object;+5
j  org.springframework.beans.factory.support.BeanDefinitionValueResolver.resolveReference(Ljava/lang/Object;Lorg/springframework/beans/factory/config/RuntimeBeanReference;)Ljava/lang/Object;+145
j  org.springframework.beans.factory.support.BeanDefinitionValueResolver.resolveValueIfNecessary(Ljava/lang/Object;Ljava/lang/Object;)Ljava/lang/Object;+15
j  org.springframework.beans.factory.support.ConstructorResolver.resolveConstructorArguments(Ljava/lang/String;Lorg/springframework/beans/factory/support/RootBeanDefinition;Lorg/springframework/beans/BeanWrapper;Lorg/springframework/beans/factory/config/ConstructorArgumentValues;Lorg/springframework/beans/factory/config/ConstructorArgumentValues;)I+182
j  org.springframework.beans.factory.support.ConstructorResolver.instantiateUsingFactoryMethod(Ljava/lang/String;Lorg/springframework/beans/factory/support/RootBeanDefinition;[Ljava/lang/Object;)Lorg/springframework/beans/BeanWrapper;+588
j  org.springframework.beans.factory.support.AbstractAutowireCapableBeanFactory.instantiateUsingFactoryMethod(Ljava/lang/String;Lorg/springframework/beans/factory/support/RootBeanDefinition;[Ljava/lang/Object;)Lorg/springframework/beans/BeanWrapper;+11
j  org.springframework.beans.factory.support.AbstractAutowireCapableBeanFactory.createBeanInstance(Ljava/lang/String;Lorg/springframework/beans/factory/support/RootBeanDefinition;[Ljava/lang/Object;)Lorg/springframework/beans/BeanWrapper;+93
j  org.springframework.beans.factory.support.AbstractAutowireCapableBeanFactory.doCreateBean(Ljava/lang/String;Lorg/springframework/beans/factory/support/RootBeanDefinition;[Ljava/lang/Object;)Ljava/lang/Object;+34
j  org.springframework.beans.factory.support.AbstractAutowireCapableBeanFactory.createBean(Ljava/lang/String;Lorg/springframework/beans/factory/support/RootBeanDefinition;[Ljava/lang/Object;)Ljava/lang/Object;+153
j  org.springframework.beans.factory.support.AbstractBeanFactory.lambda$doGetBean$0(Ljava/lang/String;Lorg/springframework/beans/factory/support/RootBeanDefinition;[Ljava/lang/Object;)Ljava/lang/Object;+4
j  org.springframework.beans.factory.support.AbstractBeanFactory$$Lambda$245+0x0000027fdc1a32c8.getObject()Ljava/lang/Object;+16
j  org.springframework.beans.factory.support.DefaultSingletonBeanRegistry.getSingleton(Ljava/lang/String;Lorg/springframework/beans/factory/ObjectFactory;)Ljava/lang/Object;+114
J 2612 c1 org.springframework.beans.factory.support.AbstractBeanFactory.doGetBean(Ljava/lang/String;Ljava/lang/Class;[Ljava/lang/Object;Z)Ljava/lang/Object; (787 bytes) @ 0x0000027fc1973c04 [0x0000027fc1971880+0x0000000000002384]
j  org.springframework.beans.factory.support.AbstractBeanFactory.getBean(Ljava/lang/String;)Ljava/lang/Object;+5
j  org.springframework.beans.factory.support.BeanDefinitionValueResolver.resolveReference(Ljava/lang/Object;Lorg/springframework/beans/factory/config/RuntimeBeanReference;)Ljava/lang/Object;+145
j  org.springframework.beans.factory.support.BeanDefinitionValueResolver.resolveValueIfNecessary(Ljava/lang/Object;Ljava/lang/Object;)Ljava/lang/Object;+15
j  org.springframework.beans.factory.support.AbstractAutowireCapableBeanFactory.applyPropertyValues(Ljava/lang/String;Lorg/springframework/beans/factory/config/BeanDefinition;Lorg/springframework/beans/BeanWrapper;Lorg/springframework/beans/PropertyValues;)V+274
j  org.springframework.beans.factory.support.AbstractAutowireCapableBeanFactory.populateBean(Ljava/lang/String;Lorg/springframework/beans/factory/support/RootBeanDefinition;Lorg/springframework/beans/BeanWrapper;)V+351
j  org.springframework.beans.factory.support.AbstractAutowireCapableBeanFactory.doCreateBean(Ljava/lang/String;Lorg/springframework/beans/factory/support/RootBeanDefinition;[Ljava/lang/Object;)Ljava/lang/Object;+220
j  org.springframework.beans.factory.support.AbstractAutowireCapableBeanFactory.createBean(Ljava/lang/String;Lorg/springframework/beans/factory/support/RootBeanDefinition;[Ljava/lang/Object;)Ljava/lang/Object;+153
j  org.springframework.beans.factory.support.AbstractBeanFactory.lambda$doGetBean$0(Ljava/lang/String;Lorg/springframework/beans/factory/support/RootBeanDefinition;[Ljava/lang/Object;)Ljava/lang/Object;+4
j  org.springframework.beans.factory.support.AbstractBeanFactory$$Lambda$245+0x0000027fdc1a32c8.getObject()Ljava/lang/Object;+16
j  org.springframework.beans.factory.support.DefaultSingletonBeanRegistry.getSingleton(Ljava/lang/String;Lorg/springframework/beans/factory/ObjectFactory;)Ljava/lang/Object;+114
J 2612 c1 org.springframework.beans.factory.support.AbstractBeanFactory.doGetBean(Ljava/lang/String;Ljava/lang/Class;[Ljava/lang/Object;Z)Ljava/lang/Object; (787 bytes) @ 0x0000027fc1973c04 [0x0000027fc1971880+0x0000000000002384]
j  org.springframework.beans.factory.support.AbstractBeanFactory.getBean(Ljava/lang/String;)Ljava/lang/Object;+5
j  org.springframework.beans.factory.config.DependencyDescriptor.resolveCandidate(Ljava/lang/String;Ljava/lang/Class;Lorg/springframework/beans/factory/BeanFactory;)Ljava/lang/Object;+2
j  org.springframework.beans.factory.support.DefaultListableBeanFactory.doResolveDependency(Lorg/springframework/beans/factory/config/DependencyDescriptor;Ljava/lang/String;Ljava/util/Set;Lorg/springframework/beans/TypeConverter;)Ljava/lang/Object;+473
j  org.springframework.beans.factory.support.DefaultListableBeanFactory.resolveDependency(Lorg/springframework/beans/factory/config/DependencyDescriptor;Ljava/lang/String;Ljava/util/Set;Lorg/springframework/beans/TypeConverter;)Ljava/lang/Object;+117
j  org.springframework.beans.factory.annotation.AutowiredAnnotationBeanPostProcessor$AutowiredFieldElement.resolveFieldValue(Ljava/lang/reflect/Field;Ljava/lang/Object;Ljava/lang/String;)Ljava/lang/Object;+81
j  org.springframework.beans.factory.annotation.AutowiredAnnotationBeanPostProcessor$AutowiredFieldElement.inject(Ljava/lang/Object;Ljava/lang/String;Lorg/springframework/beans/PropertyValues;)V+74
j  org.springframework.beans.factory.annotation.InjectionMetadata.inject(Ljava/lang/Object;Ljava/lang/String;Lorg/springframework/beans/PropertyValues;)V+68
j  org.springframework.beans.factory.annotation.AutowiredAnnotationBeanPostProcessor.postProcessProperties(Lorg/springframework/beans/PropertyValues;Ljava/lang/Object;Ljava/lang/String;)Lorg/springframework/beans/PropertyValues;+17
j  org.springframework.beans.factory.support.AbstractAutowireCapableBeanFactory.populateBean(Ljava/lang/String;Lorg/springframework/beans/factory/support/RootBeanDefinition;Lorg/springframework/beans/BeanWrapper;)V+280
j  org.springframework.beans.factory.support.AbstractAutowireCapableBeanFactory.doCreateBean(Ljava/lang/String;Lorg/springframework/beans/factory/support/RootBeanDefinition;[Ljava/lang/Object;)Ljava/lang/Object;+220
j  org.springframework.beans.factory.support.AbstractAutowireCapableBeanFactory.createBean(Ljava/lang/String;Lorg/springframework/beans/factory/support/RootBeanDefinition;[Ljava/lang/Object;)Ljava/lang/Object;+153
j  org.springframework.beans.factory.support.AbstractBeanFactory.lambda$doGetBean$0(Ljava/lang/String;Lorg/springframework/beans/factory/support/RootBeanDefinition;[Ljava/lang/Object;)Ljava/lang/Object;+4
j  org.springframework.beans.factory.support.AbstractBeanFactory$$Lambda$245+0x0000027fdc1a32c8.getObject()Ljava/lang/Object;+16
j  org.springframework.beans.factory.support.DefaultSingletonBeanRegistry.getSingleton(Ljava/lang/String;Lorg/springframework/beans/factory/ObjectFactory;)Ljava/lang/Object;+114
J 2612 c1 org.springframework.beans.factory.support.AbstractBeanFactory.doGetBean(Ljava/lang/String;Ljava/lang/Class;[Ljava/lang/Object;Z)Ljava/lang/Object; (787 bytes) @ 0x0000027fc1973c04 [0x0000027fc1971880+0x0000000000002384]
j  org.springframework.beans.factory.support.AbstractBeanFactory.getBean(Ljava/lang/String;)Ljava/lang/Object;+5
j  org.springframework.beans.factory.config.DependencyDescriptor.resolveCandidate(Ljava/lang/String;Ljava/lang/Class;Lorg/springframework/beans/factory/BeanFactory;)Ljava/lang/Object;+2
j  org.springframework.beans.factory.support.DefaultListableBeanFactory.doResolveDependency(Lorg/springframework/beans/factory/config/DependencyDescriptor;Ljava/lang/String;Ljava/util/Set;Lorg/springframework/beans/TypeConverter;)Ljava/lang/Object;+473
j  org.springframework.beans.factory.support.DefaultListableBeanFactory.resolveDependency(Lorg/springframework/beans/factory/config/DependencyDescriptor;Ljava/lang/String;Ljava/util/Set;Lorg/springframework/beans/TypeConverter;)Ljava/lang/Object;+117
j  org.springframework.beans.factory.annotation.AutowiredAnnotationBeanPostProcessor$AutowiredFieldElement.resolveFieldValue(Ljava/lang/reflect/Field;Ljava/lang/Object;Ljava/lang/String;)Ljava/lang/Object;+81
j  org.springframework.beans.factory.annotation.AutowiredAnnotationBeanPostProcessor$AutowiredFieldElement.inject(Ljava/lang/Object;Ljava/lang/String;Lorg/springframework/beans/PropertyValues;)V+74
j  org.springframework.beans.factory.annotation.InjectionMetadata.inject(Ljava/lang/Object;Ljava/lang/String;Lorg/springframework/beans/PropertyValues;)V+68
j  org.springframework.beans.factory.annotation.AutowiredAnnotationBeanPostProcessor.postProcessProperties(Lorg/springframework/beans/PropertyValues;Ljava/lang/Object;Ljava/lang/String;)Lorg/springframework/beans/PropertyValues;+17
j  org.springframework.beans.factory.support.AbstractAutowireCapableBeanFactory.populateBean(Ljava/lang/String;Lorg/springframework/beans/factory/support/RootBeanDefinition;Lorg/springframework/beans/BeanWrapper;)V+280
j  org.springframework.beans.factory.support.AbstractAutowireCapableBeanFactory.doCreateBean(Ljava/lang/String;Lorg/springframework/beans/factory/support/RootBeanDefinition;[Ljava/lang/Object;)Ljava/lang/Object;+220
j  org.springframework.beans.factory.support.AbstractAutowireCapableBeanFactory.createBean(Ljava/lang/String;Lorg/springframework/beans/factory/support/RootBeanDefinition;[Ljava/lang/Object;)Ljava/lang/Object;+153
j  org.springframework.beans.factory.support.AbstractBeanFactory.lambda$doGetBean$0(Ljava/lang/String;Lorg/springframework/beans/factory/support/RootBeanDefinition;[Ljava/lang/Object;)Ljava/lang/Object;+4
j  org.springframework.beans.factory.support.AbstractBeanFactory$$Lambda$245+0x0000027fdc1a32c8.getObject()Ljava/lang/Object;+16
j  org.springframework.beans.factory.support.DefaultSingletonBeanRegistry.getSingleton(Ljava/lang/String;Lorg/springframework/beans/factory/ObjectFactory;)Ljava/lang/Object;+114
J 2612 c1 org.springframework.beans.factory.support.AbstractBeanFactory.doGetBean(Ljava/lang/String;Ljava/lang/Class;[Ljava/lang/Object;Z)Ljava/lang/Object; (787 bytes) @ 0x0000027fc1973c04 [0x0000027fc1971880+0x0000000000002384]
J 2484 c1 org.springframework.beans.factory.support.AbstractBeanFactory.getBean(Ljava/lang/String;Ljava/lang/Class;)Ljava/lang/Object; (9 bytes) @ 0x0000027fc1916964 [0x0000027fc1916840+0x0000000000000124]
j  org.springframework.boot.web.servlet.ServletContextInitializerBeans.getOrderedBeansOfType(Lorg/springframework/beans/factory/ListableBeanFactory;Ljava/lang/Class;Lorg/springframework/boot/web/servlet/ServletContextInitializerBeans$Seen;)Ljava/util/List;+68
j  org.springframework.boot.web.servlet.ServletContextInitializerBeans.addAsRegistrationBean(Lorg/springframework/beans/factory/ListableBeanFactory;Ljava/lang/Class;Ljava/lang/Class;Lorg/springframework/boot/web/servlet/ServletContextInitializerBeans$RegistrationBeanAdapter;)V+7
j  org.springframework.boot.web.servlet.ServletContextInitializerBeans.addAsRegistrationBean(Lorg/springframework/beans/factory/ListableBeanFactory;Ljava/lang/Class;Lorg/springframework/boot/web/servlet/ServletContextInitializerBeans$RegistrationBeanAdapter;)V+5
j  org.springframework.boot.web.servlet.ServletContextInitializerBeans.addAdaptableBeans(Lorg/springframework/beans/factory/ListableBeanFactory;)V+32
j  org.springframework.boot.web.servlet.ServletContextInitializerBeans.<init>(Lorg/springframework/beans/factory/ListableBeanFactory;[Ljava/lang/Class;)V+54
j  org.springframework.boot.web.servlet.context.ServletWebServerApplicationContext.getServletContextInitializerBeans()Ljava/util/Collection;+12
j  org.springframework.boot.web.servlet.context.ServletWebServerApplicationContext.selfInitialize(Ljakarta/servlet/ServletContext;)V+19
j  org.springframework.boot.web.servlet.context.ServletWebServerApplicationContext$$Lambda$708+0x0000027fdc41f680.onStartup(Ljakarta/servlet/ServletContext;)V+5
j  org.springframework.boot.web.embedded.tomcat.TomcatStarter.onStartup(Ljava/util/Set;Ljakarta/servlet/ServletContext;)V+28
j  org.apache.catalina.core.StandardContext.startInternal()V+1050
j  org.apache.catalina.util.LifecycleBase.start()V+210
j  org.apache.catalina.core.ContainerBase$StartChild.call()Ljava/lang/Void;+4
j  org.apache.catalina.core.ContainerBase$StartChild.call()Ljava/lang/Object;+1
j  java.util.concurrent.FutureTask.run()V+39 java.base@17.0.11
j  org.apache.tomcat.util.threads.InlineExecutorService.execute(Ljava/lang/Runnable;)V+38
j  java.util.concurrent.AbstractExecutorService.submit(Ljava/util/concurrent/Callable;)Ljava/util/concurrent/Future;+20 java.base@17.0.11
j  org.apache.catalina.core.ContainerBase.startInternal()V+116
j  org.apache.catalina.core.StandardHost.startInternal()V+179
j  org.apache.catalina.util.LifecycleBase.start()V+210
j  org.apache.catalina.core.ContainerBase$StartChild.call()Ljava/lang/Void;+4
j  org.apache.catalina.core.ContainerBase$StartChild.call()Ljava/lang/Object;+1
j  java.util.concurrent.FutureTask.run()V+39 java.base@17.0.11
j  org.apache.tomcat.util.threads.InlineExecutorService.execute(Ljava/lang/Runnable;)V+38
j  java.util.concurrent.AbstractExecutorService.submit(Ljava/util/concurrent/Callable;)Ljava/util/concurrent/Future;+20 java.base@17.0.11
j  org.apache.catalina.core.ContainerBase.startInternal()V+116
j  org.apache.catalina.core.StandardEngine.startInternal()V+38
j  org.apache.catalina.util.LifecycleBase.start()V+210
j  org.apache.catalina.core.StandardService.startInternal()V+57
j  org.apache.catalina.util.LifecycleBase.start()V+210
j  org.apache.catalina.core.StandardServer.startInternal()V+84
j  org.apache.catalina.util.LifecycleBase.start()V+210
j  org.apache.catalina.startup.Tomcat.start()V+9
j  org.springframework.boot.web.embedded.tomcat.TomcatWebServer.initialize()V+55
j  org.springframework.boot.web.embedded.tomcat.TomcatWebServer.<init>(Lorg/apache/catalina/startup/Tomcat;ZLorg/springframework/boot/web/server/Shutdown;)V+66
j  org.springframework.boot.web.embedded.tomcat.TomcatServletWebServerFactory.getTomcatWebServer(Lorg/apache/catalina/startup/Tomcat;)Lorg/springframework/boot/web/embedded/tomcat/TomcatWebServer;+21
j  org.springframework.boot.web.embedded.tomcat.TomcatServletWebServerFactory.getWebServer([Lorg/springframework/boot/web/servlet/ServletContextInitializer;)Lorg/springframework/boot/web/server/WebServer;+226
j  org.springframework.boot.web.servlet.context.ServletWebServerApplicationContext.createWebServer()V+67
j  org.springframework.boot.web.servlet.context.ServletWebServerApplicationContext.onRefresh()V+5
j  org.springframework.context.support.AbstractApplicationContext.refresh()V+85
j  org.springframework.boot.web.servlet.context.ServletWebServerApplicationContext.refresh()V+1
j  org.springframework.boot.SpringApplication.refresh(Lorg/springframework/context/ConfigurableApplicationContext;)V+1
j  org.springframework.boot.SpringApplication.refreshContext(Lorg/springframework/context/ConfigurableApplicationContext;)V+16
j  org.springframework.boot.SpringApplication.run([Ljava/lang/String;)Lorg/springframework/context/ConfigurableApplicationContext;+110
j  org.springframework.boot.SpringApplication.run([Ljava/lang/Class;[Ljava/lang/String;)Lorg/springframework/context/ConfigurableApplicationContext;+9
j  org.springframework.boot.SpringApplication.run(Ljava/lang/Class;[Ljava/lang/String;)Lorg/springframework/context/ConfigurableApplicationContext;+9
j  com.example.bloomgift.BloomgiftApplication.main([Ljava/lang/String;)V+3
v  ~StubRoutines::call_stub

---------------  P R O C E S S  ---------------

Threads class SMR info:
_java_thread_list=0x0000028021ce7470, length=17, elements={
0x0000027fb9b6b700, 0x0000027fda0eaf90, 0x0000027fda0ebb50, 0x0000027fda1035c0,
0x0000027fda104180, 0x0000027fda109060, 0x0000027fda109a20, 0x0000027fda10b6e0,
0x0000027fda1175b0, 0x0000027fda120aa0, 0x0000027fda3812f0, 0x0000027fda3845a0,
0x0000027fda3879d0, 0x0000027fda389670, 0x0000027fda38d6c0, 0x0000027fda4061c0,
0x000002802005b120
}

Java Threads: ( => current thread )
=>0x0000027fb9b6b700 JavaThread "main" [_thread_in_vm, id=5276, stack(0x000000ed6d200000,0x000000ed6d300000)]
  0x0000027fda0eaf90 JavaThread "Reference Handler" daemon [_thread_blocked, id=16916, stack(0x000000ed6d900000,0x000000ed6da00000)]
  0x0000027fda0ebb50 JavaThread "Finalizer" daemon [_thread_blocked, id=13556, stack(0x000000ed6da00000,0x000000ed6db00000)]
  0x0000027fda1035c0 JavaThread "Signal Dispatcher" daemon [_thread_blocked, id=17548, stack(0x000000ed6db00000,0x000000ed6dc00000)]
  0x0000027fda104180 JavaThread "Attach Listener" daemon [_thread_blocked, id=7984, stack(0x000000ed6dc00000,0x000000ed6dd00000)]
  0x0000027fda109060 JavaThread "Service Thread" daemon [_thread_blocked, id=8340, stack(0x000000ed6dd00000,0x000000ed6de00000)]
  0x0000027fda109a20 JavaThread "Monitor Deflation Thread" daemon [_thread_blocked, id=18340, stack(0x000000ed6de00000,0x000000ed6df00000)]
  0x0000027fda10b6e0 JavaThread "C2 CompilerThread0" daemon [_thread_in_native, id=13404, stack(0x000000ed6df00000,0x000000ed6e000000)]
  0x0000027fda1175b0 JavaThread "C1 CompilerThread0" daemon [_thread_blocked, id=10224, stack(0x000000ed6e000000,0x000000ed6e100000)]
  0x0000027fda120aa0 JavaThread "Sweeper thread" daemon [_thread_blocked, id=10172, stack(0x000000ed6e100000,0x000000ed6e200000)]
  0x0000027fda3812f0 JavaThread "JDWP Transport Listener: dt_socket" daemon [_thread_blocked, id=18720, stack(0x000000ed6e200000,0x000000ed6e300000)]
  0x0000027fda3845a0 JavaThread "JDWP Event Helper Thread" daemon [_thread_blocked, id=8000, stack(0x000000ed6e300000,0x000000ed6e400000)]
  0x0000027fda3879d0 JavaThread "JDWP Command Reader" daemon [_thread_in_native, id=2768, stack(0x000000ed6e400000,0x000000ed6e500000)]
  0x0000027fda389670 JavaThread "Notification Thread" daemon [_thread_blocked, id=1108, stack(0x000000ed6e500000,0x000000ed6e600000)]
  0x0000027fda38d6c0 JavaThread "Common-Cleaner" daemon [_thread_blocked, id=13520, stack(0x000000ed6e700000,0x000000ed6e800000)]
  0x0000027fda4061c0 JavaThread "C2 CompilerThread1" daemon [_thread_in_native, id=13592, stack(0x000000ed6e800000,0x000000ed6e900000)]
  0x000002802005b120 JavaThread "C2 CompilerThread2" daemon [_thread_in_native, id=4432, stack(0x000000ed6e900000,0x000000ed6ea00000)]

Other Threads:
  0x0000027fda0e64e0 VMThread "VM Thread" [stack: 0x000000ed6d800000,0x000000ed6d900000] [id=1920]
  0x0000027fda38d280 WatcherThread [stack: 0x000000ed6e600000,0x000000ed6e700000] [id=18524]
  0x0000027fb9bcc550 GCTaskThread "GC Thread#0" [stack: 0x000000ed6d300000,0x000000ed6d400000] [id=3008]
  0x00000280206ea830 GCTaskThread "GC Thread#1" [stack: 0x000000ed6ea00000,0x000000ed6eb00000] [id=3932]
  0x00000280206ec0f0 GCTaskThread "GC Thread#2" [stack: 0x000000ed6eb00000,0x000000ed6ec00000] [id=14408]
  0x00000280206eb8b0 GCTaskThread "GC Thread#3" [stack: 0x000000ed6ec00000,0x000000ed6ed00000] [id=18824]
  0x00000280206ebb70 GCTaskThread "GC Thread#4" [stack: 0x000000ed6ed00000,0x000000ed6ee00000] [id=14076]
  0x00000280206ebe30 GCTaskThread "GC Thread#5" [stack: 0x000000ed6ee00000,0x000000ed6ef00000] [id=3456]
  0x00000280206ec3b0 GCTaskThread "GC Thread#6" [stack: 0x000000ed6ef00000,0x000000ed6f000000] [id=2092]
  0x00000280206eaaf0 GCTaskThread "GC Thread#7" [stack: 0x000000ed6f100000,0x000000ed6f200000] [id=2716]
  0x0000027fb9bd9060 ConcurrentGCThread "G1 Main Marker" [stack: 0x000000ed6d400000,0x000000ed6d500000] [id=15772]
  0x0000027fb9bd9a70 ConcurrentGCThread "G1 Conc#0" [stack: 0x000000ed6d500000,0x000000ed6d600000] [id=18548]
  0x0000028022abd6a0 ConcurrentGCThread "G1 Conc#1" [stack: 0x000000ed6f000000,0x000000ed6f100000] [id=13800]
  0x0000027fd9fb30d0 ConcurrentGCThread "G1 Refine#0" [stack: 0x000000ed6d600000,0x000000ed6d700000] [id=6960]
  0x000002802341eb80 ConcurrentGCThread "G1 Refine#1" [stack: 0x000000ed6f200000,0x000000ed6f300000] [id=14640]
  0x0000027fd9fb3b00 ConcurrentGCThread "G1 Service" [stack: 0x000000ed6d700000,0x000000ed6d800000] [id=19180]

Threads with active compile tasks:
C2 CompilerThread0     4468 4068       4       org.springframework.core.annotation.TypeMappedAnnotations$MergedAnnotationFinder::doWithAnnotations (75 bytes)
C2 CompilerThread1     4468 4066   !   4       org.springframework.util.ReflectionUtils::doWithMethods (186 bytes)
C2 CompilerThread2     4468 4052       4       org.springframework.core.annotation.TypeMappedAnnotations::get (52 bytes)

VM state: not at safepoint (normal execution)

VM Mutex/Monitor currently owned by a thread: None

Heap address: 0x0000000744400000, size: 3004 MB, Compressed Oops mode: Zero based, Oop shift amount: 3

CDS archive(s) mapped at: [0x0000027fdb000000-0x0000027fdbbd0000-0x0000027fdbbd0000), size 12386304, SharedBaseAddress: 0x0000027fdb000000, ArchiveRelocationMode: 1.
Compressed class space mapped at: 0x0000027fdc000000-0x000002801c000000, reserved size: 1073741824
Narrow klass base: 0x0000027fdb000000, Narrow klass shift: 0, Narrow klass range: 0x100000000

GC Precious Log:
 CPUs: 8 total, 8 available
 Memory: 12010M
 Large Page Support: Disabled
 NUMA Support: Disabled
 Compressed Oops: Enabled (Zero based)
 Heap Region Size: 2M
 Heap Min Capacity: 8M
 Heap Initial Capacity: 188M
 Heap Max Capacity: 3004M
 Pre-touch: Disabled
 Parallel Workers: 8
 Concurrent Workers: 2
 Concurrent Refinement Workers: 8
 Periodic GC: Disabled

Heap:
 garbage-first heap   total 81920K, used 20169K [0x0000000744400000, 0x0000000800000000)
  region size 2048K, 4 young (8192K), 3 survivors (6144K)
 Metaspace       used 35793K, committed 36160K, reserved 1114112K
  class space    used 4559K, committed 4736K, reserved 1048576K

Heap Regions: E=young(eden), S=young(survivor), O=old, HS=humongous(starts), HC=humongous(continues), CS=collection set, F=free, OA=open archive, CA=closed archive, TAMS=top-at-mark-start (previous, next)
|   0|0x0000000744400000, 0x0000000744600000, 0x0000000744600000|100%| O|  |TAMS 0x0000000744600000, 0x0000000744400000| Untracked 
|   1|0x0000000744600000, 0x0000000744800000, 0x0000000744800000|100%| O|  |TAMS 0x0000000744800000, 0x0000000744600000| Untracked 
|   2|0x0000000744800000, 0x0000000744a00000, 0x0000000744a00000|100%| O|  |TAMS 0x0000000744a00000, 0x0000000744800000| Untracked 
|   3|0x0000000744a00000, 0x0000000744a00000, 0x0000000744c00000|  0%| F|  |TAMS 0x0000000744a00000, 0x0000000744a00000| Untracked 
|   4|0x0000000744c00000, 0x0000000744e00000, 0x0000000744e00000|100%| O|  |TAMS 0x0000000744e00000, 0x0000000744c00000| Untracked 
|   5|0x0000000744e00000, 0x0000000745000000, 0x0000000745000000|100%| O|  |TAMS 0x0000000745000000, 0x0000000744e00000| Untracked 
|   6|0x0000000745000000, 0x0000000745200000, 0x0000000745200000|100%| O|  |TAMS 0x0000000745200000, 0x0000000745000000| Untracked 
|   7|0x0000000745200000, 0x0000000745400000, 0x0000000745400000|100%| O|  |TAMS 0x0000000745400000, 0x0000000745200000| Untracked 
|   8|0x0000000745400000, 0x0000000745542000, 0x0000000745600000| 62%| O|  |TAMS 0x0000000745542000, 0x0000000745400000| Complete 
|   9|0x0000000745600000, 0x0000000745600000, 0x0000000745800000|  0%| F|  |TAMS 0x0000000745600000, 0x0000000745600000| Untracked 
|  10|0x0000000745800000, 0x0000000745800000, 0x0000000745a00000|  0%| F|  |TAMS 0x0000000745800000, 0x0000000745800000| Untracked 
|  11|0x0000000745a00000, 0x0000000745a00000, 0x0000000745c00000|  0%| F|  |TAMS 0x0000000745a00000, 0x0000000745a00000| Untracked 
|  12|0x0000000745c00000, 0x0000000745c00000, 0x0000000745e00000|  0%| F|  |TAMS 0x0000000745c00000, 0x0000000745c00000| Untracked 
|  13|0x0000000745e00000, 0x0000000745e00000, 0x0000000746000000|  0%| F|  |TAMS 0x0000000745e00000, 0x0000000745e00000| Untracked 
|  14|0x0000000746000000, 0x0000000746000000, 0x0000000746200000|  0%| F|  |TAMS 0x0000000746000000, 0x0000000746000000| Untracked 
|  15|0x0000000746200000, 0x0000000746200000, 0x0000000746400000|  0%| F|  |TAMS 0x0000000746200000, 0x0000000746200000| Untracked 
|  16|0x0000000746400000, 0x0000000746400000, 0x0000000746600000|  0%| F|  |TAMS 0x0000000746400000, 0x0000000746400000| Untracked 
|  17|0x0000000746600000, 0x0000000746600000, 0x0000000746800000|  0%| F|  |TAMS 0x0000000746600000, 0x0000000746600000| Untracked 
|  18|0x0000000746800000, 0x0000000746800000, 0x0000000746a00000|  0%| F|  |TAMS 0x0000000746800000, 0x0000000746800000| Untracked 
|  19|0x0000000746a00000, 0x0000000746a00000, 0x0000000746c00000|  0%| F|  |TAMS 0x0000000746a00000, 0x0000000746a00000| Untracked 
|  20|0x0000000746c00000, 0x0000000746c00000, 0x0000000746e00000|  0%| F|  |TAMS 0x0000000746c00000, 0x0000000746c00000| Untracked 
|  21|0x0000000746e00000, 0x0000000746e00000, 0x0000000747000000|  0%| F|  |TAMS 0x0000000746e00000, 0x0000000746e00000| Untracked 
|  22|0x0000000747000000, 0x0000000747000000, 0x0000000747200000|  0%| F|  |TAMS 0x0000000747000000, 0x0000000747000000| Untracked 
|  23|0x0000000747200000, 0x0000000747200000, 0x0000000747400000|  0%| F|  |TAMS 0x0000000747200000, 0x0000000747200000| Untracked 
|  24|0x0000000747400000, 0x0000000747400000, 0x0000000747600000|  0%| F|  |TAMS 0x0000000747400000, 0x0000000747400000| Untracked 
|  25|0x0000000747600000, 0x0000000747600000, 0x0000000747800000|  0%| F|  |TAMS 0x0000000747600000, 0x0000000747600000| Untracked 
|  26|0x0000000747800000, 0x0000000747800000, 0x0000000747a00000|  0%| F|  |TAMS 0x0000000747800000, 0x0000000747800000| Untracked 
|  27|0x0000000747a00000, 0x0000000747a70670, 0x0000000747c00000| 21%| S|CS|TAMS 0x0000000747a00000, 0x0000000747a00000| Complete 
|  28|0x0000000747c00000, 0x0000000747e00000, 0x0000000747e00000|100%| S|CS|TAMS 0x0000000747c00000, 0x0000000747c00000| Complete 
|  29|0x0000000747e00000, 0x0000000748000000, 0x0000000748000000|100%| S|CS|TAMS 0x0000000747e00000, 0x0000000747e00000| Complete 
|  30|0x0000000748000000, 0x0000000748000000, 0x0000000748200000|  0%| F|  |TAMS 0x0000000748000000, 0x0000000748000000| Untracked 
|  31|0x0000000748200000, 0x0000000748200000, 0x0000000748400000|  0%| F|  |TAMS 0x0000000748200000, 0x0000000748200000| Untracked 
|  32|0x0000000748400000, 0x0000000748400000, 0x0000000748600000|  0%| F|  |TAMS 0x0000000748400000, 0x0000000748400000| Untracked 
|  33|0x0000000748600000, 0x0000000748600000, 0x0000000748800000|  0%| F|  |TAMS 0x0000000748600000, 0x0000000748600000| Untracked 
|  34|0x0000000748800000, 0x0000000748800000, 0x0000000748a00000|  0%| F|  |TAMS 0x0000000748800000, 0x0000000748800000| Untracked 
|  89|0x000000074f600000, 0x000000074f600000, 0x000000074f800000|  0%| F|  |TAMS 0x000000074f600000, 0x000000074f600000| Untracked 
|  90|0x000000074f800000, 0x000000074f800000, 0x000000074fa00000|  0%| F|  |TAMS 0x000000074f800000, 0x000000074f800000| Untracked 
|  91|0x000000074fa00000, 0x000000074fa00000, 0x000000074fc00000|  0%| F|  |TAMS 0x000000074fa00000, 0x000000074fa00000| Untracked 
|  92|0x000000074fc00000, 0x000000074fc00000, 0x000000074fe00000|  0%| F|  |TAMS 0x000000074fc00000, 0x000000074fc00000| Untracked 
|  93|0x000000074fe00000, 0x000000074feada50, 0x0000000750000000| 33%| E|  |TAMS 0x000000074fe00000, 0x000000074fe00000| Complete 

Card table byte_map: [0x0000027fd0d20000,0x0000027fd1300000] _byte_map_base: 0x0000027fcd2fe000

Marking Bits (Prev, Next): (CMBitMap*) 0x0000027fb9bccb70, (CMBitMap*) 0x0000027fb9bccbb0
 Prev Bits: [0x0000027fd18e0000, 0x0000027fd47d0000)
 Next Bits: [0x0000027fd47d0000, 0x0000027fd76c0000)

Polling page: 0x0000027fb9320000

Metaspace:

Usage:
  Non-class:     30.50 MB used.
      Class:      4.45 MB used.
       Both:     34.95 MB used.

Virtual space:
  Non-class space:       64.00 MB reserved,      30.69 MB ( 48%) committed,  1 nodes.
      Class space:        1.00 GB reserved,       4.62 MB ( <1%) committed,  1 nodes.
             Both:        1.06 GB reserved,      35.31 MB (  3%) committed. 

Chunk freelists:
   Non-Class:  1.12 MB
       Class:  11.38 MB
        Both:  12.50 MB

MaxMetaspaceSize: unlimited
CompressedClassSpaceSize: 1.00 GB
Initial GC threshold: 21.00 MB
Current GC threshold: 58.88 MB
CDS: on
MetaspaceReclaimPolicy: balanced
 - commit_granule_bytes: 65536.
 - commit_granule_words: 8192.
 - virtual_space_node_default_size: 8388608.
 - enlarge_chunks_in_place: 1.
 - new_chunks_are_fully_committed: 0.
 - uncommit_free_chunks: 1.
 - use_allocation_guard: 0.
 - handle_deallocations: 1.


Internal statistics:

num_allocs_failed_limit: 6.
num_arena_births: 528.
num_arena_deaths: 0.
num_vsnodes_births: 2.
num_vsnodes_deaths: 0.
num_space_committed: 565.
num_space_uncommitted: 0.
num_chunks_returned_to_freelist: 6.
num_chunks_taken_from_freelist: 1723.
num_chunk_merges: 6.
num_chunk_splits: 1211.
num_chunks_enlarged: 921.
num_inconsistent_stats: 0.

CodeHeap 'non-profiled nmethods': size=120000Kb used=2635Kb max_used=2635Kb free=117365Kb
 bounds [0x0000027fc8ee0000, 0x0000027fc9180000, 0x0000027fd0410000]
CodeHeap 'profiled nmethods': size=120000Kb used=9728Kb max_used=9728Kb free=110271Kb
 bounds [0x0000027fc1410000, 0x0000027fc1da0000, 0x0000027fc8940000]
CodeHeap 'non-nmethods': size=5760Kb used=1310Kb max_used=1358Kb free=4449Kb
 bounds [0x0000027fc8940000, 0x0000027fc8bb0000, 0x0000027fc8ee0000]
 total_blobs=4748 nmethods=4214 adapters=446
 compilation: enabled
              stopped_count=0, restarted_count=0
 full_count=0

Compilation events (20 events):
Event: 4.364 Thread 0x0000027fda1175b0 4222       3       sun.nio.fs.WindowsFileAttributes::<init> (57 bytes)
Event: 4.364 Thread 0x0000027fda1175b0 nmethod 4222 0x0000027fc1d73e90 code [0x0000027fc1d74020, 0x0000027fc1d741b8]
Event: 4.364 Thread 0x0000027fda1175b0 4223       3       java.util.regex.Matcher::reset (128 bytes)
Event: 4.364 Thread 0x0000027fda1175b0 nmethod 4223 0x0000027fc1d74290 code [0x0000027fc1d74480, 0x0000027fc1d74a58]
Event: 4.364 Thread 0x0000027fda1175b0 4224       1       java.nio.file.FileTreeWalker$Event::ioeException (5 bytes)
Event: 4.364 Thread 0x0000027fda1175b0 nmethod 4224 0x0000027fc9171d10 code [0x0000027fc9171ea0, 0x0000027fc9171f78]
Event: 4.364 Thread 0x0000027fda1175b0 4226       3       org.springframework.util.StringUtils::delimitedListToStringArray (164 bytes)
Event: 4.366 Thread 0x0000027fda1175b0 nmethod 4226 0x0000027fc1d74c90 code [0x0000027fc1d75080, 0x0000027fc1d77268]
Event: 4.366 Thread 0x0000027fda1175b0 4227       1       java.nio.file.FileTreeWalker$DirectoryNode::skipped (5 bytes)
Event: 4.366 Thread 0x0000027fda1175b0 nmethod 4227 0x0000027fc9172010 code [0x0000027fc91721a0, 0x0000027fc9172278]
Event: 4.366 Thread 0x0000027fda1175b0 4228       1       java.nio.file.FileTreeWalker$DirectoryNode::iterator (5 bytes)
Event: 4.366 Thread 0x0000027fda1175b0 nmethod 4228 0x0000027fc9172310 code [0x0000027fc91724a0, 0x0000027fc9172578]
Event: 4.366 Thread 0x0000027fda1175b0 4229       1       java.nio.file.FileTreeWalker$Event::type (5 bytes)
Event: 4.366 Thread 0x0000027fda1175b0 nmethod 4229 0x0000027fc9172610 code [0x0000027fc91727a0, 0x0000027fc9172878]
Event: 4.366 Thread 0x0000027fda1175b0 4225       1       org.springframework.core.io.support.PathMatchingResourcePatternResolver::getPathMatcher (5 bytes)
Event: 4.367 Thread 0x0000027fda1175b0 nmethod 4225 0x0000027fc9172910 code [0x0000027fc9172aa0, 0x0000027fc9172b78]
Event: 4.389 Thread 0x0000027fda1175b0 4231   !   3       java.net.URL::<init> (543 bytes)
Event: 4.396 Thread 0x0000027fda1175b0 nmethod 4231 0x0000027fc1d77d90 code [0x0000027fc1d784c0, 0x0000027fc1d7df48]
Event: 4.396 Thread 0x0000027fda1175b0 4232       3       java.net.URLStreamHandler::parseURL (1201 bytes)
Event: 4.422 Thread 0x0000027fda1175b0 nmethod 4232 0x0000027fc1d80010 code [0x0000027fc1d811c0, 0x0000027fc1d8bc48]

GC Heap History (16 events):
Event: 0.667 GC heap before
{Heap before GC invocations=0 (full 0):
 garbage-first heap   total 192512K, used 20480K [0x0000000744400000, 0x0000000800000000)
  region size 2048K, 11 young (22528K), 0 survivors (0K)
 Metaspace       used 5706K, committed 5888K, reserved 1114112K
  class space    used 674K, committed 768K, reserved 1048576K
}
Event: 0.673 GC heap after
{Heap after GC invocations=1 (full 0):
 garbage-first heap   total 192512K, used 7214K [0x0000000744400000, 0x0000000800000000)
  region size 2048K, 2 young (4096K), 2 survivors (4096K)
 Metaspace       used 5706K, committed 5888K, reserved 1114112K
  class space    used 674K, committed 768K, reserved 1048576K
}
Event: 1.066 GC heap before
{Heap before GC invocations=1 (full 0):
 garbage-first heap   total 192512K, used 27694K [0x0000000744400000, 0x0000000800000000)
  region size 2048K, 13 young (26624K), 2 survivors (4096K)
 Metaspace       used 10939K, committed 11200K, reserved 1114112K
  class space    used 1454K, committed 1600K, reserved 1048576K
}
Event: 1.072 GC heap after
{Heap after GC invocations=2 (full 0):
 garbage-first heap   total 192512K, used 8863K [0x0000000744400000, 0x0000000800000000)
  region size 2048K, 1 young (2048K), 1 survivors (2048K)
 Metaspace       used 10939K, committed 11200K, reserved 1114112K
  class space    used 1454K, committed 1600K, reserved 1048576K
}
Event: 1.788 GC heap before
{Heap before GC invocations=2 (full 0):
 garbage-first heap   total 192512K, used 62111K [0x0000000744400000, 0x0000000800000000)
  region size 2048K, 28 young (57344K), 1 survivors (2048K)
 Metaspace       used 21241K, committed 21504K, reserved 1114112K
  class space    used 2678K, committed 2816K, reserved 1048576K
}
Event: 1.797 GC heap after
{Heap after GC invocations=3 (full 0):
 garbage-first heap   total 192512K, used 14142K [0x0000000744400000, 0x0000000800000000)
  region size 2048K, 4 young (8192K), 4 survivors (8192K)
 Metaspace       used 21241K, committed 21504K, reserved 1114112K
  class space    used 2678K, committed 2816K, reserved 1048576K
}
Event: 1.809 GC heap before
{Heap before GC invocations=3 (full 0):
 garbage-first heap   total 192512K, used 14142K [0x0000000744400000, 0x0000000800000000)
  region size 2048K, 5 young (10240K), 4 survivors (8192K)
 Metaspace       used 21277K, committed 21504K, reserved 1114112K
  class space    used 2682K, committed 2816K, reserved 1048576K
}
Event: 1.813 GC heap after
{Heap after GC invocations=4 (full 0):
 garbage-first heap   total 192512K, used 14494K [0x0000000744400000, 0x0000000800000000)
  region size 2048K, 4 young (8192K), 4 survivors (8192K)
 Metaspace       used 21277K, committed 21504K, reserved 1114112K
  class space    used 2682K, committed 2816K, reserved 1048576K
}
Event: 2.687 GC heap before
{Heap before GC invocations=5 (full 0):
 garbage-first heap   total 61440K, used 41118K [0x0000000744400000, 0x0000000800000000)
  region size 2048K, 18 young (36864K), 4 survivors (8192K)
 Metaspace       used 25545K, committed 25792K, reserved 1114112K
  class space    used 3263K, committed 3392K, reserved 1048576K
}
Event: 2.700 GC heap after
{Heap after GC invocations=6 (full 0):
 garbage-first heap   total 61440K, used 16198K [0x0000000744400000, 0x0000000800000000)
  region size 2048K, 2 young (4096K), 2 survivors (4096K)
 Metaspace       used 25545K, committed 25792K, reserved 1114112K
  class space    used 3263K, committed 3392K, reserved 1048576K
}
Event: 2.777 GC heap before
{Heap before GC invocations=6 (full 0):
 garbage-first heap   total 61440K, used 18246K [0x0000000744400000, 0x0000000800000000)
  region size 2048K, 3 young (6144K), 2 survivors (4096K)
 Metaspace       used 26115K, committed 26432K, reserved 1114112K
  class space    used 3332K, committed 3456K, reserved 1048576K
}
Event: 2.785 GC heap after
{Heap after GC invocations=7 (full 0):
 garbage-first heap   total 61440K, used 16266K [0x0000000744400000, 0x0000000800000000)
  region size 2048K, 1 young (2048K), 1 survivors (2048K)
 Metaspace       used 26115K, committed 26432K, reserved 1114112K
  class space    used 3332K, committed 3456K, reserved 1048576K
}
Event: 3.920 GC heap before
{Heap before GC invocations=7 (full 0):
 garbage-first heap   total 61440K, used 40842K [0x0000000744400000, 0x0000000800000000)
  region size 2048K, 13 young (26624K), 1 survivors (2048K)
 Metaspace       used 31891K, committed 32320K, reserved 1114112K
  class space    used 4113K, committed 4352K, reserved 1048576K
}
Event: 3.927 GC heap after
{Heap after GC invocations=8 (full 0):
 garbage-first heap   total 81920K, used 18473K [0x0000000744400000, 0x0000000800000000)
  region size 2048K, 2 young (4096K), 2 survivors (4096K)
 Metaspace       used 31891K, committed 32320K, reserved 1114112K
  class space    used 4113K, committed 4352K, reserved 1048576K
}
Event: 4.400 GC heap before
{Heap before GC invocations=8 (full 0):
 garbage-first heap   total 81920K, used 36905K [0x0000000744400000, 0x0000000800000000)
  region size 2048K, 12 young (24576K), 2 survivors (4096K)
 Metaspace       used 35566K, committed 35968K, reserved 1114112K
  class space    used 4540K, committed 4736K, reserved 1048576K
}
Event: 4.412 GC heap after
{Heap after GC invocations=9 (full 0):
 garbage-first heap   total 81920K, used 20169K [0x0000000744400000, 0x0000000800000000)
  region size 2048K, 3 young (6144K), 3 survivors (6144K)
 Metaspace       used 35566K, committed 35968K, reserved 1114112K
  class space    used 4540K, committed 4736K, reserved 1048576K
}

Deoptimization events (20 events):
Event: 4.399 Thread 0x0000027fb9b6b700 DEOPT PACKING pc=0x0000027fc908de54 sp=0x000000ed6d2fa100
Event: 4.399 Thread 0x0000027fb9b6b700 DEOPT UNPACKING pc=0x0000027fc89966e3 sp=0x000000ed6d2f9590 mode 1
Event: 4.399 Thread 0x0000027fb9b6b700 DEOPT PACKING pc=0x0000027fc151fef4 sp=0x000000ed6d2f9620
Event: 4.399 Thread 0x0000027fb9b6b700 DEOPT UNPACKING pc=0x0000027fc89966e3 sp=0x000000ed6d2f8ab8 mode 1
Event: 4.399 Thread 0x0000027fb9b6b700 DEOPT PACKING pc=0x0000027fc151f3dc sp=0x000000ed6d2f96f0
Event: 4.399 Thread 0x0000027fb9b6b700 DEOPT UNPACKING pc=0x0000027fc89966e3 sp=0x000000ed6d2f8ba8 mode 1
Event: 4.399 Thread 0x0000027fb9b6b700 DEOPT PACKING pc=0x0000027fc908de54 sp=0x000000ed6d2fa100
Event: 4.399 Thread 0x0000027fb9b6b700 DEOPT UNPACKING pc=0x0000027fc89966e3 sp=0x000000ed6d2f9590 mode 1
Event: 4.430 Thread 0x0000027fb9b6b700 DEOPT PACKING pc=0x0000027fc151fef4 sp=0x000000ed6d2f9130
Event: 4.430 Thread 0x0000027fb9b6b700 DEOPT UNPACKING pc=0x0000027fc89966e3 sp=0x000000ed6d2f85c8 mode 1
Event: 4.430 Thread 0x0000027fb9b6b700 DEOPT PACKING pc=0x0000027fc151f3dc sp=0x000000ed6d2f9200
Event: 4.430 Thread 0x0000027fb9b6b700 DEOPT UNPACKING pc=0x0000027fc89966e3 sp=0x000000ed6d2f86b8 mode 1
Event: 4.430 Thread 0x0000027fb9b6b700 DEOPT PACKING pc=0x0000027fc908de54 sp=0x000000ed6d2f9c10
Event: 4.430 Thread 0x0000027fb9b6b700 DEOPT UNPACKING pc=0x0000027fc89966e3 sp=0x000000ed6d2f90a0 mode 1
Event: 4.430 Thread 0x0000027fb9b6b700 DEOPT PACKING pc=0x0000027fc151fef4 sp=0x000000ed6d2f9130
Event: 4.430 Thread 0x0000027fb9b6b700 DEOPT UNPACKING pc=0x0000027fc89966e3 sp=0x000000ed6d2f85c8 mode 1
Event: 4.430 Thread 0x0000027fb9b6b700 DEOPT PACKING pc=0x0000027fc151f3dc sp=0x000000ed6d2f9200
Event: 4.430 Thread 0x0000027fb9b6b700 DEOPT UNPACKING pc=0x0000027fc89966e3 sp=0x000000ed6d2f86b8 mode 1
Event: 4.430 Thread 0x0000027fb9b6b700 DEOPT PACKING pc=0x0000027fc908de54 sp=0x000000ed6d2f9c10
Event: 4.430 Thread 0x0000027fb9b6b700 DEOPT UNPACKING pc=0x0000027fc89966e3 sp=0x000000ed6d2f90a0 mode 1

Classes unloaded (0 events):
No events

Classes redefined (0 events):
No events

Internal exceptions (20 events):
Event: 3.176 Thread 0x0000027fb9b6b700 Implicit null exception at 0x0000027fc9098835 to 0x0000027fc9099df0
Event: 3.353 Thread 0x0000027fb9b6b700 Exception <a 'java/lang/NoSuchMethodError'{0x00000007473f5308}: 'java.lang.Object java.lang.invoke.DirectMethodHandle$Holder.invokeSpecialIFC(java.lang.Object, java.lang.Object, java.lang.Object)'> (0x00000007473f5308) 
thrown [s\open\src\hotspot\share\interpreter\linkResolver.cpp, line 759]
Event: 3.483 Thread 0x0000027fb9b6b700 Implicit null exception at 0x0000027fc90b894b to 0x0000027fc90b93d4
Event: 3.598 Thread 0x0000027fb9b6b700 Exception <a 'java/lang/NoSuchMethodError'{0x0000000746c3eb90}: 'void java.lang.invoke.DirectMethodHandle$Holder.invokeInterface(java.lang.Object, java.lang.Object, int)'> (0x0000000746c3eb90) 
thrown [s\open\src\hotspot\share\interpreter\linkResolver.cpp, line 759]
Event: 3.621 Thread 0x0000027fb9b6b700 Exception <a 'java/lang/IncompatibleClassChangeError'{0x0000000746c8ef28}: Found class java.lang.Object, but interface was expected> (0x0000000746c8ef28) 
thrown [s\open\src\hotspot\share\interpreter\linkResolver.cpp, line 826]
Event: 3.623 Thread 0x0000027fb9b6b700 Exception <a 'java/lang/NoSuchMethodError'{0x0000000746c9fa60}: 'int java.lang.invoke.DirectMethodHandle$Holder.invokeSpecialIFC(java.lang.Object, java.lang.Object, java.lang.Object)'> (0x0000000746c9fa60) 
thrown [s\open\src\hotspot\share\interpreter\linkResolver.cpp, line 759]
Event: 3.629 Thread 0x0000027fb9b6b700 Exception <a 'java/lang/NoSuchMethodError'{0x0000000746cb8250}: 'void java.lang.invoke.DirectMethodHandle$Holder.invokeStatic(java.lang.Object, int, java.lang.Object)'> (0x0000000746cb8250) 
thrown [s\open\src\hotspot\share\interpreter\linkResolver.cpp, line 759]
Event: 3.649 Thread 0x0000027fb9b6b700 Exception <a 'java/lang/NoSuchMethodError'{0x0000000746cf38e0}: 'void java.lang.invoke.DirectMethodHandle$Holder.invokeVirtual(java.lang.Object, java.lang.Object, int)'> (0x0000000746cf38e0) 
thrown [s\open\src\hotspot\share\interpreter\linkResolver.cpp, line 759]
Event: 3.650 Thread 0x0000027fb9b6b700 Exception <a 'java/lang/NoSuchMethodError'{0x0000000746cf9b28}: 'void java.lang.invoke.DirectMethodHandle$Holder.invokeStatic(java.lang.Object, java.lang.Object, java.lang.Object, int, java.lang.Object)'> (0x0000000746cf9b28) 
thrown [s\open\src\hotspot\share\interpreter\linkResolver.cpp, line 759]
Event: 3.653 Thread 0x0000027fb9b6b700 Exception <a 'java/lang/NoSuchMethodError'{0x0000000746d01030}: 'java.lang.Object java.lang.invoke.DirectMethodHandle$Holder.newInvokeSpecial(java.lang.Object, java.lang.Object, java.lang.Object, int)'> (0x0000000746d01030) 
thrown [s\open\src\hotspot\share\interpreter\linkResolver.cpp, line 759]
Event: 3.653 Thread 0x0000027fb9b6b700 Exception <a 'java/lang/NoSuchMethodError'{0x0000000746d05318}: 'java.lang.Object java.lang.invoke.DirectMethodHandle$Holder.invokeSpecial(java.lang.Object, java.lang.Object, java.lang.Object, java.lang.Object, int)'> (0x0000000746d05318) 
thrown [s\open\src\hotspot\share\interpreter\linkResolver.cpp, line 759]
Event: 3.654 Thread 0x0000027fb9b6b700 Exception <a 'java/lang/NoSuchMethodError'{0x0000000746d08ee0}: 'java.lang.Object java.lang.invoke.Invokers$Holder.linkToTargetMethod(java.lang.Object, java.lang.Object, int, java.lang.Object)'> (0x0000000746d08ee0) 
thrown [s\open\src\hotspot\share\interpreter\linkResolver.cpp, line 759]
Event: 3.807 Thread 0x0000027fb9b6b700 Exception <a 'java/lang/NoSuchMethodError'{0x000000074690ed90}: 'java.lang.Object java.lang.invoke.DirectMethodHandle$Holder.invokeStaticInit(java.lang.Object, int, int, int, int)'> (0x000000074690ed90) 
thrown [s\open\src\hotspot\share\interpreter\linkResolver.cpp, line 759]
Event: 3.860 Thread 0x0000027fb9b6b700 Exception <a 'java/lang/NoSuchMethodError'{0x0000000746943370}: 'java.lang.Object java.lang.invoke.DirectMethodHandle$Holder.invokeStaticInit(java.lang.Object, java.lang.Object, int, int, int, int)'> (0x0000000746943370) 
thrown [s\open\src\hotspot\share\interpreter\linkResolver.cpp, line 759]
Event: 3.984 Thread 0x0000027fb9b6b700 Exception <a 'java/lang/NoSuchMethodError'{0x000000074fcec668}: 'java.lang.Object java.lang.invoke.DirectMethodHandle$Holder.invokeSpecial(java.lang.Object, java.lang.Object, long, java.lang.Object, java.lang.Object, java.lang.Object, java.lang.Object, java.lang.Object, java.lang.Object)'> (0x000000074fcec668) 
thrown [s\open\src\hotspot\share\interpreter\linkResolver.cpp, line 759]
Event: 3.984 Thread 0x0000027fb9b6b700 Exception <a 'java/lang/NoSuchMethodError'{0x000000074fcf1190}: 'java.lang.Object java.lang.invoke.DelegatingMethodHandle$Holder.reinvoke_L(java.lang.Object, long, java.lang.Object, java.lang.Object, java.lang.Object, java.lang.Object, java.lang.Object, java.lang.Object)'> (0x000000074fcf1190) 
thrown [s\open\src\hotspot\share\interpreter\linkResolver.cpp, line 759]
Event: 4.043 Thread 0x0000027fb9b6b700 Exception <a 'java/io/FileNotFoundException'{0x000000074fa57f20}> (0x000000074fa57f20) 
thrown [s\open\src\hotspot\share\prims\jni.cpp, line 516]
Event: 4.079 Thread 0x0000027fb9b6b700 Exception <a 'java/lang/NoSuchMethodError'{0x000000074f86c228}: 'int java.lang.invoke.DirectMethodHandle$Holder.invokeInterface(java.lang.Object, java.lang.Object, java.lang.Object, java.lang.Object)'> (0x000000074f86c228) 
thrown [s\open\src\hotspot\share\interpreter\linkResolver.cpp, line 759]
Event: 4.358 Thread 0x0000027fb9b6b700 Implicit null exception at 0x0000027fc9088613 to 0x0000027fc908888c
Event: 4.363 Thread 0x0000027fb9b6b700 Exception <a 'sun/nio/fs/WindowsException'{0x00000007483255b0}> (0x00000007483255b0) 
thrown [s\open\src\hotspot\share\prims\jni.cpp, line 516]

VM Operations (20 events):
Event: 3.941 Executing VM operation: HandshakeAllThreads
Event: 3.941 Executing VM operation: HandshakeAllThreads done
Event: 3.944 Executing VM operation: HandshakeAllThreads
Event: 3.944 Executing VM operation: HandshakeAllThreads done
Event: 4.010 Executing VM operation: HandshakeAllThreads
Event: 4.010 Executing VM operation: HandshakeAllThreads done
Event: 4.036 Executing VM operation: HandshakeAllThreads
Event: 4.036 Executing VM operation: HandshakeAllThreads done
Event: 4.155 Executing VM operation: HandshakeAllThreads
Event: 4.155 Executing VM operation: HandshakeAllThreads done
Event: 4.183 Executing VM operation: HandshakeAllThreads
Event: 4.183 Executing VM operation: HandshakeAllThreads done
Event: 4.210 Executing VM operation: HandshakeAllThreads
Event: 4.210 Executing VM operation: HandshakeAllThreads done
Event: 4.400 Executing VM operation: CollectForMetadataAllocation
Event: 4.412 Executing VM operation: CollectForMetadataAllocation done
Event: 4.430 Executing VM operation: G1Concurrent
Event: 4.436 Executing VM operation: G1Concurrent done
Event: 4.443 Executing VM operation: G1Concurrent
Event: 4.444 Executing VM operation: G1Concurrent done

Events (20 events):
Event: 4.283 loading class java/net/SocketImplFactory
Event: 4.283 loading class java/net/SocketImplFactory done
Event: 4.283 loading class jdk/net/ExtendedSocketOptions
Event: 4.283 loading class jdk/net/ExtendedSocketOptions done
Event: 4.283 loading class jdk/net/ExtendedSocketOptions$ExtSocketOption
Event: 4.283 loading class jdk/net/ExtendedSocketOptions$ExtSocketOption done
Event: 4.283 loading class jdk/net/UnixDomainPrincipal
Event: 4.283 loading class jdk/net/UnixDomainPrincipal done
Event: 4.283 loading class jdk/net/ExtendedSocketOptions$PlatformSocketOptions
Event: 4.283 loading class jdk/net/ExtendedSocketOptions$PlatformSocketOptions done
Event: 4.283 loading class jdk/net/ExtendedSocketOptions$PlatformSocketOptions$1
Event: 4.283 loading class jdk/net/ExtendedSocketOptions$PlatformSocketOptions$1 done
Event: 4.283 loading class jdk/net/ExtendedSocketOptions$1
Event: 4.283 loading class sun/net/ext/ExtendedSocketOptions
Event: 4.284 loading class sun/net/ext/ExtendedSocketOptions done
Event: 4.284 loading class jdk/net/ExtendedSocketOptions$1 done
Event: 4.349 loading class javax/naming/Referenceable
Event: 4.349 loading class javax/naming/Referenceable done
Event: 4.380 loading class java/lang/instrument/ClassFileTransformer
Event: 4.380 loading class java/lang/instrument/ClassFileTransformer done


Dynamic libraries:
0x00007ff769040000 - 0x00007ff769050000 	C:\Program Files\Java\jdk-17\bin\java.exe
0x00007ff8bcb90000 - 0x00007ff8bcda7000 	C:\WINDOWS\SYSTEM32\ntdll.dll
0x00007ff8bc3c0000 - 0x00007ff8bc484000 	C:\WINDOWS\System32\KERNEL32.DLL
0x00007ff8ba160000 - 0x00007ff8ba50d000 	C:\WINDOWS\System32\KERNELBASE.dll
0x00007ff8ba040000 - 0x00007ff8ba151000 	C:\WINDOWS\System32\ucrtbase.dll
0x00007ff8a35c0000 - 0x00007ff8a35d9000 	C:\Program Files\Java\jdk-17\bin\jli.dll
0x00007ff8a2990000 - 0x00007ff8a29ab000 	C:\Program Files\Java\jdk-17\bin\VCRUNTIME140.dll
0x00007ff8bbb90000 - 0x00007ff8bbc42000 	C:\WINDOWS\System32\ADVAPI32.dll
0x00007ff8bbcb0000 - 0x00007ff8bbd57000 	C:\WINDOWS\System32\msvcrt.dll
0x00007ff8bc310000 - 0x00007ff8bc3b9000 	C:\WINDOWS\System32\sechost.dll
0x00007ff8b9ec0000 - 0x00007ff8b9ee8000 	C:\WINDOWS\System32\bcrypt.dll
0x00007ff8bb970000 - 0x00007ff8bba84000 	C:\WINDOWS\System32\RPCRT4.dll
0x00007ff8baba0000 - 0x00007ff8bad4e000 	C:\WINDOWS\System32\USER32.dll
0x00007ff89d000000 - 0x00007ff89d293000 	C:\WINDOWS\WinSxS\amd64_microsoft.windows.common-controls_6595b64144ccf1df_6.0.22621.3672_none_2713b9d173822955\COMCTL32.dll
0x00007ff8b9ef0000 - 0x00007ff8b9f16000 	C:\WINDOWS\System32\win32u.dll
0x00007ff8bab50000 - 0x00007ff8bab79000 	C:\WINDOWS\System32\GDI32.dll
0x00007ff8b9f20000 - 0x00007ff8ba039000 	C:\WINDOWS\System32\gdi32full.dll
0x00007ff8ba830000 - 0x00007ff8ba8ca000 	C:\WINDOWS\System32\msvcp_win.dll
0x00007ff89be90000 - 0x00007ff89be9a000 	C:\WINDOWS\SYSTEM32\VERSION.dll
0x00007ff8bbe40000 - 0x00007ff8bbe71000 	C:\WINDOWS\System32\IMM32.DLL
0x00007ff8b5f60000 - 0x00007ff8b5f6c000 	C:\Program Files\Java\jdk-17\bin\vcruntime140_1.dll
0x00007ff8a2360000 - 0x00007ff8a23ee000 	C:\Program Files\Java\jdk-17\bin\msvcp140.dll
0x00007ff83e6f0000 - 0x00007ff83f2d0000 	C:\Program Files\Java\jdk-17\bin\server\jvm.dll
0x00007ff8bc300000 - 0x00007ff8bc308000 	C:\WINDOWS\System32\PSAPI.DLL
0x00007ff8b3a50000 - 0x00007ff8b3a84000 	C:\WINDOWS\SYSTEM32\WINMM.dll
0x00007ff88d0e0000 - 0x00007ff88d0e9000 	C:\WINDOWS\SYSTEM32\WSOCK32.dll
0x00007ff8baad0000 - 0x00007ff8bab41000 	C:\WINDOWS\System32\WS2_32.dll
0x00007ff8b8fa0000 - 0x00007ff8b8fb8000 	C:\WINDOWS\SYSTEM32\kernel.appcore.dll
0x00007ff8b3700000 - 0x00007ff8b370a000 	C:\Program Files\Java\jdk-17\bin\jimage.dll
0x00007ff8b7150000 - 0x00007ff8b7382000 	C:\WINDOWS\SYSTEM32\DBGHELP.DLL
0x00007ff8bc5f0000 - 0x00007ff8bc978000 	C:\WINDOWS\System32\combase.dll
0x00007ff8bbd60000 - 0x00007ff8bbe37000 	C:\WINDOWS\System32\OLEAUT32.dll
0x00007ff882140000 - 0x00007ff882172000 	C:\WINDOWS\SYSTEM32\dbgcore.DLL
0x00007ff8ba580000 - 0x00007ff8ba5fb000 	C:\WINDOWS\System32\bcryptPrimitives.dll
0x00007ff8a26c0000 - 0x00007ff8a26fb000 	C:\Program Files\Java\jdk-17\bin\jdwp.dll
0x00007ff8a2330000 - 0x00007ff8a2355000 	C:\Program Files\Java\jdk-17\bin\java.dll
0x00007ff8a05c0000 - 0x00007ff8a0697000 	C:\Program Files\Java\jdk-17\bin\jsvml.dll
0x00007ff8bad50000 - 0x00007ff8bb5af000 	C:\WINDOWS\System32\SHELL32.dll
0x00007ff8b7dd0000 - 0x00007ff8b86cc000 	C:\WINDOWS\SYSTEM32\windows.storage.dll
0x00007ff8b7c90000 - 0x00007ff8b7dcf000 	C:\WINDOWS\SYSTEM32\wintypes.dll
0x00007ff8bc4f0000 - 0x00007ff8bc5e4000 	C:\WINDOWS\System32\SHCORE.dll
0x00007ff8bbc50000 - 0x00007ff8bbcae000 	C:\WINDOWS\System32\shlwapi.dll
0x00007ff8b9df0000 - 0x00007ff8b9e11000 	C:\WINDOWS\SYSTEM32\profapi.dll
0x00007ff8a4270000 - 0x00007ff8a427c000 	C:\Program Files\Java\jdk-17\bin\dt_socket.dll
0x00007ff8b89a0000 - 0x00007ff8b89cd000 	C:\WINDOWS\SYSTEM32\IPHLPAPI.DLL
0x00007ff8b9410000 - 0x00007ff8b9479000 	C:\WINDOWS\system32\mswsock.dll
0x00007ff8b89d0000 - 0x00007ff8b8ac8000 	C:\WINDOWS\SYSTEM32\DNSAPI.dll
0x00007ff8bb720000 - 0x00007ff8bb729000 	C:\WINDOWS\System32\NSI.dll
0x0000000066700000 - 0x0000000066726000 	C:\Program Files\Bonjour\mdnsNSP.dll
0x00007ff8b31c0000 - 0x00007ff8b31ca000 	C:\Windows\System32\rasadhlp.dll
0x00007ff8b3220000 - 0x00007ff8b32a3000 	C:\WINDOWS\System32\fwpuclnt.dll
0x00007ff8a0910000 - 0x00007ff8a0929000 	C:\Program Files\Java\jdk-17\bin\net.dll
0x00007ff8b63e0000 - 0x00007ff8b6516000 	C:\WINDOWS\SYSTEM32\WINHTTP.dll
0x00007ff8a05a0000 - 0x00007ff8a05b6000 	C:\Program Files\Java\jdk-17\bin\nio.dll
0x00007ff8a0480000 - 0x00007ff8a0498000 	C:\Program Files\Java\jdk-17\bin\zip.dll
0x00007ff8a4220000 - 0x00007ff8a422e000 	C:\Program Files\Java\jdk-17\bin\sunmscapi.dll
0x00007ff8ba6c0000 - 0x00007ff8ba827000 	C:\WINDOWS\System32\CRYPT32.dll
0x00007ff8b9850000 - 0x00007ff8b987e000 	C:\WINDOWS\SYSTEM32\ncrypt.dll
0x00007ff8b9810000 - 0x00007ff8b9847000 	C:\WINDOWS\SYSTEM32\NTASN1.dll
0x00007ff8b9630000 - 0x00007ff8b964b000 	C:\WINDOWS\SYSTEM32\CRYPTSP.dll
0x00007ff8b8f00000 - 0x00007ff8b8f35000 	C:\WINDOWS\system32\rsaenh.dll
0x00007ff8b94d0000 - 0x00007ff8b94f8000 	C:\WINDOWS\SYSTEM32\USERENV.dll
0x00007ff8b9650000 - 0x00007ff8b965c000 	C:\WINDOWS\SYSTEM32\CRYPTBASE.dll
0x00007ff8b57c0000 - 0x00007ff8b57d9000 	C:\WINDOWS\SYSTEM32\dhcpcsvc6.DLL
0x00007ff8b57a0000 - 0x00007ff8b57bf000 	C:\WINDOWS\SYSTEM32\dhcpcsvc.DLL
0x00007ff8a40c0000 - 0x00007ff8a40ca000 	C:\Program Files\Java\jdk-17\bin\management.dll
0x00007ff8a3fb0000 - 0x00007ff8a3fbb000 	C:\Program Files\Java\jdk-17\bin\management_ext.dll

dbghelp: loaded successfully - version: 4.0.5 - missing functions: none
symbol engine: initialized successfully - sym options: 0x614 - pdb path: .;C:\Program Files\Java\jdk-17\bin;C:\WINDOWS\SYSTEM32;C:\WINDOWS\WinSxS\amd64_microsoft.windows.common-controls_6595b64144ccf1df_6.0.22621.3672_none_2713b9d173822955;C:\Program Files\Java\jdk-17\bin\server;C:\Program Files\Bonjour

VM Arguments:
jvm_args: -agentlib:jdwp=transport=dt_socket,server=n,suspend=y,address=localhost:57000 -XX:+ShowCodeDetailsInExceptionMessages 
java_command: com.example.bloomgift.BloomgiftApplication
java_class_path (initial): D:\trinh123-do\BloomGift\bloomgift(test)\bloomgift\target\classes;C:\Users\DELL\.m2\repository\org\springframework\boot\spring-boot-starter-data-jpa\3.3.2\spring-boot-starter-data-jpa-3.3.2.jar;C:\Users\DELL\.m2\repository\org\springframework\boot\spring-boot-starter-aop\3.3.2\spring-boot-starter-aop-3.3.2.jar;C:\Users\DELL\.m2\repository\org\aspectj\aspectjweaver\1.9.22.1\aspectjweaver-1.9.22.1.jar;C:\Users\DELL\.m2\repository\org\springframework\boot\spring-boot-starter-jdbc\3.3.2\spring-boot-starter-jdbc-3.3.2.jar;C:\Users\DELL\.m2\repository\com\zaxxer\HikariCP\5.1.0\HikariCP-5.1.0.jar;C:\Users\DELL\.m2\repository\org\springframework\spring-jdbc\6.1.11\spring-jdbc-6.1.11.jar;C:\Users\DELL\.m2\repository\org\hibernate\orm\hibernate-core\6.5.2.Final\hibernate-core-6.5.2.Final.jar;C:\Users\DELL\.m2\repository\jakarta\persistence\jakarta.persistence-api\3.1.0\jakarta.persistence-api-3.1.0.jar;C:\Users\DELL\.m2\repository\jakarta\transaction\jakarta.transaction-api\2.0.1\jakarta.transaction-api-2.0.1.jar;C:\Users\DELL\.m2\repository\org\jboss\logging\jboss-logging\3.5.3.Final\jboss-logging-3.5.3.Final.jar;C:\Users\DELL\.m2\repository\org\hibernate\common\hibernate-commons-annotations\6.0.6.Final\hibernate-commons-annotations-6.0.6.Final.jar;C:\Users\DELL\.m2\repository\io\smallrye\jandex\3.1.2\jandex-3.1.2.jar;C:\Users\DELL\.m2\repository\com\fasterxml\classmate\1.7.0\classmate-1.7.0.jar;C:\Users\DELL\.m2\repository\net\bytebuddy\byte-buddy\1.14.18\byte-buddy-1.14.18.jar;C:\Users\DELL\.m2\repository\org\glassfish\jaxb\jaxb-runtime\4.0.5\jaxb-runtime-4.0.5.jar;C:\Users\DELL\.m2\repository\org\glassfish\jaxb\jaxb-core\4.0.5\jaxb-core-4.0.5.jar;C:\Users\DELL\.m2\repository\org\glassfish\jaxb\txw2\4.0.5\txw2-4.0.5.jar;C:\Users\DELL\.m2\repository\com\sun\istack\istack-commons-runtime\4.1.2\istack-commons-runtime-4.1.2.jar;C:\Users\DELL\.m2\repository\jakarta\inject\jakarta.inject-api\2.0.1\jakarta.inject-api-2.0.1.jar;C:\Users\DELL\.m2\reposi
Launcher Type: SUN_STANDARD

[Global flags]
     intx CICompilerCount                          = 4                                         {product} {ergonomic}
     uint ConcGCThreads                            = 2                                         {product} {ergonomic}
     uint G1ConcRefinementThreads                  = 8                                         {product} {ergonomic}
   size_t G1HeapRegionSize                         = 2097152                                   {product} {ergonomic}
    uintx GCDrainStackTargetSize                   = 64                                        {product} {ergonomic}
   size_t InitialHeapSize                          = 197132288                                 {product} {ergonomic}
   size_t MarkStackSize                            = 4194304                                   {product} {ergonomic}
   size_t MaxHeapSize                              = 3149922304                                {product} {ergonomic}
   size_t MaxNewSize                               = 1889533952                                {product} {ergonomic}
   size_t MinHeapDeltaBytes                        = 2097152                                   {product} {ergonomic}
   size_t MinHeapSize                              = 8388608                                   {product} {ergonomic}
    uintx NonNMethodCodeHeapSize                   = 5839372                                {pd product} {ergonomic}
    uintx NonProfiledCodeHeapSize                  = 122909434                              {pd product} {ergonomic}
    uintx ProfiledCodeHeapSize                     = 122909434                              {pd product} {ergonomic}
    uintx ReservedCodeCacheSize                    = 251658240                              {pd product} {ergonomic}
     bool SegmentedCodeCache                       = true                                      {product} {ergonomic}
     bool ShowCodeDetailsInExceptionMessages       = true                                   {manageable} {command line}
   size_t SoftMaxHeapSize                          = 3149922304                             {manageable} {ergonomic}
     bool UseCompressedClassPointers               = true                           {product lp64_product} {ergonomic}
     bool UseCompressedOops                        = true                           {product lp64_product} {ergonomic}
     bool UseG1GC                                  = true                                      {product} {ergonomic}
     bool UseLargePagesIndividualAllocation        = false                                  {pd product} {ergonomic}

Logging:
Log output configuration:
 #0: stdout all=warning uptime,level,tags
 #1: stderr all=off uptime,level,tags

Environment Variables:
JAVA_HOME=C:\Program Files\Java\jre1.8.0_321
PATH=C:\Program Files\Common Files\Oracle\Java\javapath;C:\Program Files (x86)\Common Files\Oracle\Java\java8path;C:\Program Files (x86)\Common Files\Oracle\Java\javapath;C:\Program Files\Python39\Scripts\;C:\Program Files\Python39\;C:\WINDOWS\system32;C:\WINDOWS;C:\WINDOWS\System32\Wbem;C:\WINDOWS\System32\WindowsPowerShell\v1.0\;C:\WINDOWS\System32\OpenSSH\;C:\TDM-GCC-64\bin;C:\Program Files\Java\jre1.8.0_321\bin;C:\Program Files\Microsoft SQL Server\Client SDK\ODBC\170\Tools\Binn\;C:\Program Files (x86)\Microsoft SQL Server\150\Tools\Binn\;C:\Program Files\Microsoft SQL Server\150\Tools\Binn\;C:\Program Files\Microsoft SQL Server\150\DTS\Binn\;C:\Program Files (x86)\Microsoft SQL Server\160\DTS\Binn\;C:\Program Files (x86)\Microsoft SQL Server\150\DTS\Binn\;C:\Program Files\Azure Data Studio\bin;C:\Program Files\TortoiseGit\bin;C:\Program Files\Git\cmd;C:\Program Files\dotnet\;C:\Users\DELL\AppData\Local\Microsoft\WindowsApps;C:\TDM-GCC-64\bin;C:\TDM-GCC-64\lib;C:\Program Files\JetBrains\IntelliJ IDEA 2022.1\bin;;C:\Program Files\Azure Data Studio\bin;C:\Program Files\Azure Data Studio\bin;C:\Program Files\Azure Data Studio\bin;C:\Users\DELL\.dotnet\tools;D:\Microsoft VS Code\bin
USERNAME=DELL
LANG=en_US.UTF-8
OS=Windows_NT
PROCESSOR_IDENTIFIER=Intel64 Family 6 Model 140 Stepping 1, GenuineIntel



---------------  S Y S T E M  ---------------

OS:
 Windows 11 , 64 bit Build 22621 (10.0.22621.3672)
OS uptime: 0 days 18:08 hours
Hyper-V role detected

CPU: total 8 (initial active 8) (4 cores per cpu, 2 threads per core) family 6 model 140 stepping 1 microcode 0xb4, cx8, cmov, fxsr, ht, mmx, 3dnowpref, sse, sse2, sse3, ssse3, sse4.1, sse4.2, popcnt, lzcnt, tsc, tscinvbit, avx, avx2, aes, erms, clmul, bmi1, bmi2, adx, avx512f, avx512dq, avx512cd, avx512bw, avx512vl, sha, fma, vzeroupper, avx512_vpopcntdq, avx512_vpclmulqdq, avx512_vaes, avx512_vnni, clflush, clflushopt, clwb, avx512_vbmi2, avx512_vbmi, hv

Memory: 4k page, system-wide physical 12010M (3231M free)
TotalPageFile size 12627M (AvailPageFile size 7M)
current process WorkingSet (physical memory assigned to process): 272M, peak: 277M
current process commit charge ("private bytes"): 322M, peak: 346M

vm_info: Java HotSpot(TM) 64-Bit Server VM (17.0.11+7-LTS-207) for windows-amd64 JRE (17.0.11+7-LTS-207), built on Mar 11 2024 19:01:50 by "mach5one" with MS VC++ 17.6 (VS2022)

END.
